#
# A fatal error has been detected by the Java Runtime Environment:
#
#  SIGSEGV (0xb) at pc=0x00007f27f2afbad7, pid=16650, tid=139811202029376
#
# JRE version: 6.0_31-b04
# Java VM: Java HotSpot(TM) 64-Bit Server VM (20.6-b01 mixed mode linux-amd64 compressed oops)
# Problematic frame:
# C  [libdricore9.1.1.so.1+0x23dad7]  unsigned char+0x47
#
# If you would like to submit a bug report, please visit:
#   http://java.sun.com/webapps/bugreport/crash.jsp
#

---------------  T H R E A D  ---------------

Current thread is native thread

siginfo:si_signo=SIGSEGV: si_errno=0, si_code=128 (), si_addr=0x0000000000000000

Registers:
RAX=0x00007f27e48ebca0, RBX=0x3f80000000000000, RCX=0x00007f27e4000030, RDX=0xc12000003f800000
RSP=0x00007fff34e21330, RBP=0x00007f27e48ebca8, RSI=0x0000000000000001, RDI=0x00007f27e4915c90
R8 =0x0000000000000000, R9 =0x00007f28538a3700, R10=0x00007fff34e21180, R11=0x00007f28503a9130
R12=0x0000000000000014, R13=0x00007f27e48ebb50, R14=0x0000000000000014, R15=0x0000000000000000
RIP=0x00007f27f2afbad7, EFLAGS=0x0000000000010216, CSGSFS=0x0000000000000033, ERR=0x0000000000000000
  TRAPNO=0x000000000000000d

Top of Stack: (sp=0x00007fff34e21330)
0x00007fff34e21330:   00007f27e48ebb50 00007f27e48e3a50
0x00007fff34e21340:   0000000000000000 00007f2854b76e80
0x00007fff34e21350:   0000000000000000 00007f27f2afbb49
0x00007fff34e21360:   0000000000000000 00007f27f2b16075
0x00007fff34e21370:   00007f27e489c490 00007f2854b756a8
0x00007fff34e21380:   0000000000000001 00007f27f2ab9f2d
0x00007fff34e21390:   00007f27e489c460 00007f27f2aa9425
0x00007fff34e213a0:   00007f27e489bfe0 00007f27f2aa940d
0x00007fff34e213b0:   00007f27e480a590 00007f27f2aa940d
0x00007fff34e213c0:   0000000000000000 00007f27f2afa8c0
0x00007fff34e213d0:   0000000000000000 00007f27f2ab8539
0x00007fff34e213e0:   0000000000000000 00007f28547f0121
0x00007fff34e213f0:   0000000000000000 0000000000000000
0x00007fff34e21400:   0000000000000000 0000000040001bd0
0x00007fff34e21410:   00007fff34e21500 00007f28547f01a5
0x00007fff34e21420:   0000000000000000 00007f28547d5eac
0x00007fff34e21430:   0000000000000000 00007fff34e21508
0x00007fff34e21440:   0000000500000000 0000000040001ca0
0x00007fff34e21450:   0000000000000000 39e1780d29f1d50d
0x00007fff34e21460:   0000000040001bd0 00007fff34e21500
0x00007fff34e21470:   0000000000000000 0000000000000000
0x00007fff34e21480:   c61f11c90191d50d c7b1d0f7954bd50d
0x00007fff34e21490:   0000000000000000 0000000000000000
0x00007fff34e214a0:   0000000000000000 0000000040001790
0x00007fff34e214b0:   00007fff34e21508 0000000000000005
0x00007fff34e214c0:   0000000000000000 0000000000000000
0x00007fff34e214d0:   0000000040001bd0 00007fff34e21500
0x00007fff34e214e0:   0000000000000000 0000000040001bfa
0x00007fff34e214f0:   00007fff34e214f8 000000000000001c
0x00007fff34e21500:   0000000000000005 00007fff34e23712
0x00007fff34e21510:   00007fff34e2373c 00007fff34e23752
0x00007fff34e21520:   00007fff34e2375d 00007fff34e238b1 

Instructions: (pc=0x00007f27f2afbad7)
0x00007f27f2afbab7:   8b 78 08 48 8d 68 08 48 39 ef 48 8b 1f 75 0d eb
0x00007f27f2afbac7:   3c 0f 1f 84 00 00 00 00 00 48 89 d3 48 8b 57 08
0x00007f27f2afbad7:   48 89 53 08 48 8b 57 08 48 8b 0f 48 89 0a e8 66
0x00007f27f2afbae7:   ff e2 ff 48 39 dd 48 8b 13 48 89 df 75 db 49 83 

Register to memory mapping:

RAX=0x00007f27e48ebca0 is an unknown value
RBX=0x3f80000000000000 is an unknown value
RCX=0x00007f27e4000030 is an unknown value
RDX=0xc12000003f800000 is an unknown value
RSP=0x00007fff34e21330 is an unknown value
RBP=0x00007f27e48ebca8 is an unknown value
RSI=0x0000000000000001 is an unknown value
RDI=0x00007f27e4915c90 is an unknown value
R8 =0x0000000000000000 is an unknown value
R9 =0x00007f28538a3700 is an unknown value
R10=0x00007fff34e21180 is an unknown value
R11=0x00007f28503a9130: _ZNSt13basic_ostreamIwSt11char_traitsIwEE5flushEv+0 in /usr/lib/x86_64-linux-gnu/libstdc++.so.6 at 0x00007f2850312000
R12=0x0000000000000014 is an unknown value
R13=0x00007f27e48ebb50 is an unknown value
R14=0x0000000000000014 is an unknown value
R15=0x0000000000000000 is an unknown value


Stack: [0x00007fff34d24000,0x00007fff34e24000],  sp=0x00007fff34e21330,  free space=1012k
Native frames: (J=compiled Java code, j=interpreted, Vv=VM code, C=native code)
C  [libdricore9.1.1.so.1+0x23dad7]  unsigned char+0x47


---------------  P R O C E S S  ---------------

VM state:at safepoint (shutting down)

VM Mutex/Monitor currently owned by a thread:  ([mutex/lock_event])
[0x00007f284c004780] Threads_lock - owner thread: 0x00007f284c06d000

Heap
 PSYoungGen      total 17920K, used 13899K [0x00000000ebf60000, 0x00000000ed360000, 0x0000000100000000)
  eden space 15360K, 90% used [0x00000000ebf60000,0x00000000eccf2dd0,0x00000000ece60000)
  from space 2560K, 0% used [0x00000000ed0e0000,0x00000000ed0e0000,0x00000000ed360000)
  to   space 2560K, 0% used [0x00000000ece60000,0x00000000ece60000,0x00000000ed0e0000)
 PSOldGen        total 41088K, used 0K [0x00000000c3e00000, 0x00000000c6620000, 0x00000000ebf60000)
  object space 41088K, 0% used [0x00000000c3e00000,0x00000000c3e00000,0x00000000c6620000)
 PSPermGen       total 21248K, used 9459K [0x00000000bec00000, 0x00000000c00c0000, 0x00000000c3e00000)
  object space 21248K, 44% used [0x00000000bec00000,0x00000000bf53cdf0,0x00000000c00c0000)

Code Cache  [0x00007f2849000000, 0x00007f2849270000, 0x00007f284c000000)
 total_blobs=510 nmethods=49 adapters=416 free_code_cache=49690496 largest_free_block=448

Dynamic libraries:
40000000-40009000 r-xp 00000000 08:06 1973032                            /usr/lib/jvm/java-6-sun-1.6.0.31/jre/bin/java
40108000-4010a000 rwxp 00008000 08:06 1973032                            /usr/lib/jvm/java-6-sun-1.6.0.31/jre/bin/java
40de4000-40e05000 rwxp 00000000 00:00 0                                  [heap]
bec00000-c00c0000 rwxp 00000000 00:00 0 
c00c0000-c3e00000 rwxp 00000000 00:00 0 
c3e00000-c6620000 rwxp 00000000 00:00 0 
c6620000-ebf60000 rwxp 00000000 00:00 0 
ebf60000-ed360000 rwxp 00000000 00:00 0 
ed360000-100000000 rwxp 00000000 00:00 0 
7f27e4000000-7f27e49a6000 rwxp 00000000 00:00 0 
7f27e49a6000-7f27e8000000 ---p 00000000 00:00 0 
7f27e8000000-7f27e8021000 rwxp 00000000 00:00 0 
7f27e8021000-7f27ec000000 ---p 00000000 00:00 0 
7f27ec000000-7f27ec021000 rwxp 00000000 00:00 0 
7f27ec021000-7f27f0000000 ---p 00000000 00:00 0 
7f27f0ee2000-7f27f1e22000 rwxp 00000000 00:00 0 
7f27f1e22000-7f27f1e54000 r-xp 00000000 08:06 1581808                    /usr/lib/x86_64-linux-gnu/libtxc_dxtn_s2tc.so.0.0.0
7f27f1e54000-7f27f2053000 ---p 00032000 08:06 1581808                    /usr/lib/x86_64-linux-gnu/libtxc_dxtn_s2tc.so.0.0.0
7f27f2053000-7f27f2054000 r-xp 00031000 08:06 1581808                    /usr/lib/x86_64-linux-gnu/libtxc_dxtn_s2tc.so.0.0.0
7f27f2054000-7f27f2055000 rwxp 00032000 08:06 1581808                    /usr/lib/x86_64-linux-gnu/libtxc_dxtn_s2tc.so.0.0.0
7f27f2055000-7f27f206b000 r-xp 00000000 08:06 12583041                   /lib/x86_64-linux-gnu/libz.so.1.2.7
7f27f206b000-7f27f226a000 ---p 00016000 08:06 12583041                   /lib/x86_64-linux-gnu/libz.so.1.2.7
7f27f226a000-7f27f226b000 r-xp 00015000 08:06 12583041                   /lib/x86_64-linux-gnu/libz.so.1.2.7
7f27f226b000-7f27f226c000 rwxp 00016000 08:06 12583041                   /lib/x86_64-linux-gnu/libz.so.1.2.7
7f27f226c000-7f27f2274000 r-xp 00000000 08:06 1572906                    /usr/lib/x86_64-linux-gnu/libpciaccess.so.0.11.1
7f27f2274000-7f27f2473000 ---p 00008000 08:06 1572906                    /usr/lib/x86_64-linux-gnu/libpciaccess.so.0.11.1
7f27f2473000-7f27f2474000 r-xp 00007000 08:06 1572906                    /usr/lib/x86_64-linux-gnu/libpciaccess.so.0.11.1
7f27f2474000-7f27f2475000 rwxp 00008000 08:06 1572906                    /usr/lib/x86_64-linux-gnu/libpciaccess.so.0.11.1
7f27f2475000-7f27f2494000 r-xp 00000000 08:06 1577826                    /usr/lib/x86_64-linux-gnu/libdrm_intel.so.1.0.0
7f27f2494000-7f27f2693000 ---p 0001f000 08:06 1577826                    /usr/lib/x86_64-linux-gnu/libdrm_intel.so.1.0.0
7f27f2693000-7f27f2694000 r-xp 0001e000 08:06 1577826                    /usr/lib/x86_64-linux-gnu/libdrm_intel.so.1.0.0
7f27f2694000-7f27f2695000 rwxp 0001f000 08:06 1577826                    /usr/lib/x86_64-linux-gnu/libdrm_intel.so.1.0.0
7f27f2695000-7f27f26bb000 r-xp 00000000 08:06 12583689                   /lib/x86_64-linux-gnu/libexpat.so.1.6.0
7f27f26bb000-7f27f28bb000 ---p 00026000 08:06 12583689                   /lib/x86_64-linux-gnu/libexpat.so.1.6.0
7f27f28bb000-7f27f28bd000 r-xp 00026000 08:06 12583689                   /lib/x86_64-linux-gnu/libexpat.so.1.6.0
7f27f28bd000-7f27f28be000 rwxp 00028000 08:06 12583689                   /lib/x86_64-linux-gnu/libexpat.so.1.6.0
7f27f28be000-7f27f2c5b000 r-xp 00000000 08:06 1585973                    /usr/lib/x86_64-linux-gnu/libdricore9.1.1.so.1.0.0
7f27f2c5b000-7f27f2e5a000 ---p 0039d000 08:06 1585973                    /usr/lib/x86_64-linux-gnu/libdricore9.1.1.so.1.0.0
7f27f2e5a000-7f27f2e6b000 r-xp 0039c000 08:06 1585973                    /usr/lib/x86_64-linux-gnu/libdricore9.1.1.so.1.0.0
7f27f2e6b000-7f27f2e75000 rwxp 003ad000 08:06 1585973                    /usr/lib/x86_64-linux-gnu/libdricore9.1.1.so.1.0.0
7f27f2e75000-7f27f2e8c000 rwxp 00000000 00:00 0 
7f27f2e8c000-7f27f2f48000 r-xp 00000000 08:06 2004946                    /usr/lib/x86_64-linux-gnu/dri/i965_dri.so
7f27f2f48000-7f27f3148000 ---p 000bc000 08:06 2004946                    /usr/lib/x86_64-linux-gnu/dri/i965_dri.so
7f27f3148000-7f27f314b000 r-xp 000bc000 08:06 2004946                    /usr/lib/x86_64-linux-gnu/dri/i965_dri.so
7f27f314b000-7f27f314d000 rwxp 000bf000 08:06 2004946                    /usr/lib/x86_64-linux-gnu/dri/i965_dri.so
7f27f314d000-7f27f314e000 rwxp 00000000 00:00 0 
7f27f314e000-7f27f3158000 r-xp 00000000 08:06 1579073                    /usr/lib/x86_64-linux-gnu/libdrm.so.2.4.0
7f27f3158000-7f27f3357000 ---p 0000a000 08:06 1579073                    /usr/lib/x86_64-linux-gnu/libdrm.so.2.4.0
7f27f3357000-7f27f3358000 r-xp 00009000 08:06 1579073                    /usr/lib/x86_64-linux-gnu/libdrm.so.2.4.0
7f27f3358000-7f27f3359000 rwxp 0000a000 08:06 1579073                    /usr/lib/x86_64-linux-gnu/libdrm.so.2.4.0
7f27f3359000-7f27f335c000 r-xp 00000000 08:06 1577065                    /usr/lib/x86_64-linux-gnu/libxcb-dri2.so.0.0.0
7f27f335c000-7f27f355c000 ---p 00003000 08:06 1577065                    /usr/lib/x86_64-linux-gnu/libxcb-dri2.so.0.0.0
7f27f355c000-7f27f355d000 r-xp 00003000 08:06 1577065                    /usr/lib/x86_64-linux-gnu/libxcb-dri2.so.0.0.0
7f27f355d000-7f27f355e000 rwxp 00004000 08:06 1577065                    /usr/lib/x86_64-linux-gnu/libxcb-dri2.so.0.0.0
7f27f355e000-7f27f3573000 r-xp 00000000 08:06 1574164                    /usr/lib/x86_64-linux-gnu/libxcb-glx.so.0.0.0
7f27f3573000-7f27f3772000 ---p 00015000 08:06 1574164                    /usr/lib/x86_64-linux-gnu/libxcb-glx.so.0.0.0
7f27f3772000-7f27f3774000 r-xp 00014000 08:06 1574164                    /usr/lib/x86_64-linux-gnu/libxcb-glx.so.0.0.0
7f27f3774000-7f27f3775000 rwxp 00016000 08:06 1574164                    /usr/lib/x86_64-linux-gnu/libxcb-glx.so.0.0.0
7f27f3775000-7f27f3776000 r-xp 00000000 08:06 1574128                    /usr/lib/x86_64-linux-gnu/libX11-xcb.so.1.0.0
7f27f3776000-7f27f3975000 ---p 00001000 08:06 1574128                    /usr/lib/x86_64-linux-gnu/libX11-xcb.so.1.0.0
7f27f3975000-7f27f3976000 r-xp 00000000 08:06 1574128                    /usr/lib/x86_64-linux-gnu/libX11-xcb.so.1.0.0
7f27f3976000-7f27f3977000 rwxp 00001000 08:06 1574128                    /usr/lib/x86_64-linux-gnu/libX11-xcb.so.1.0.0
7f27f3977000-7f27f3979000 r-xp 00000000 08:06 1583826                    /usr/lib/x86_64-linux-gnu/libXdamage.so.1.1.0
7f27f3979000-7f27f3b78000 ---p 00002000 08:06 1583826                    /usr/lib/x86_64-linux-gnu/libXdamage.so.1.1.0
7f27f3b78000-7f27f3b79000 r-xp 00001000 08:06 1583826                    /usr/lib/x86_64-linux-gnu/libXdamage.so.1.1.0
7f27f3b79000-7f27f3b7a000 rwxp 00002000 08:06 1583826                    /usr/lib/x86_64-linux-gnu/libXdamage.so.1.1.0
7f27f3b7a000-7f27f3b9b000 r-xp 00000000 08:06 1575266                    /usr/lib/x86_64-linux-gnu/libglapi.so.0.0.0
7f27f3b9b000-7f27f3d9b000 ---p 00021000 08:06 1575266                    /usr/lib/x86_64-linux-gnu/libglapi.so.0.0.0
7f27f3d9b000-7f27f3d9e000 r-xp 00021000 08:06 1575266                    /usr/lib/x86_64-linux-gnu/libglapi.so.0.0.0
7f27f3d9e000-7f27f3d9f000 rwxp 00024000 08:06 1575266                    /usr/lib/x86_64-linux-gnu/libglapi.so.0.0.0
7f27f3d9f000-7f27f3da0000 rwxp 00000000 00:00 0 
7f27f3da0000-7f27f3dfb000 r-xp 00000000 08:06 1968574                    /usr/lib/x86_64-linux-gnu/mesa/libGL.so.1.2.0
7f27f3dfb000-7f27f3ffb000 ---p 0005b000 08:06 1968574                    /usr/lib/x86_64-linux-gnu/mesa/libGL.so.1.2.0
7f27f3ffb000-7f27f3ffd000 r-xp 0005b000 08:06 1968574                    /usr/lib/x86_64-linux-gnu/mesa/libGL.so.1.2.0
7f27f3ffd000-7f27f3ffe000 rwxp 0005d000 08:06 1968574                    /usr/lib/x86_64-linux-gnu/mesa/libGL.so.1.2.0
7f27f3ffe000-7f27f3fff000 rwxp 00000000 00:00 0 
7f27f8000000-7f27f8021000 rwxp 00000000 00:00 0 
7f27f8021000-7f27fc000000 ---p 00000000 00:00 0 
7f27fc000000-7f27fc021000 rwxp 00000000 00:00 0 
7f27fc021000-7f2800000000 ---p 00000000 00:00 0 
7f2800000000-7f2800021000 rwxp 00000000 00:00 0 
7f2800021000-7f2804000000 ---p 00000000 00:00 0 
7f2804000000-7f2804021000 rwxp 00000000 00:00 0 
7f2804021000-7f2808000000 ---p 00000000 00:00 0 
7f280808f000-7f2808103000 rwxp 00000000 00:00 0 
7f280818d000-7f2808190000 ---p 00000000 00:00 0 
7f2808190000-7f280828e000 rwxp 00000000 00:00 0 
7f280828e000-7f2808291000 ---p 00000000 00:00 0 
7f2808291000-7f280838f000 rwxp 00000000 00:00 0 
7f280838f000-7f2808392000 ---p 00000000 00:00 0 
7f2808392000-7f2808490000 rwxp 00000000 00:00 0 
7f2808490000-7f2808491000 ---p 00000000 00:00 0 
7f2808491000-7f2808c91000 rwxp 00000000 00:00 0 
7f2808c91000-7f2808ca7000 r-xp 00000000 08:06 12583962                   /lib/x86_64-linux-gnu/libresolv-2.17.so
7f2808ca7000-7f2808ea7000 ---p 00016000 08:06 12583962                   /lib/x86_64-linux-gnu/libresolv-2.17.so
7f2808ea7000-7f2808ea8000 r-xp 00016000 08:06 12583962                   /lib/x86_64-linux-gnu/libresolv-2.17.so
7f2808ea8000-7f2808ea9000 rwxp 00017000 08:06 12583962                   /lib/x86_64-linux-gnu/libresolv-2.17.so
7f2808ea9000-7f2808eab000 rwxp 00000000 00:00 0 
7f2808eab000-7f2808eb1000 r-xp 00000000 08:06 1576167                    /usr/lib/x86_64-linux-gnu/libogg.so.0.8.0
7f2808eb1000-7f28090b0000 ---p 00006000 08:06 1576167                    /usr/lib/x86_64-linux-gnu/libogg.so.0.8.0
7f28090b0000-7f28090b1000 r-xp 00005000 08:06 1576167                    /usr/lib/x86_64-linux-gnu/libogg.so.0.8.0
7f28090b1000-7f28090b2000 rwxp 00006000 08:06 1576167                    /usr/lib/x86_64-linux-gnu/libogg.so.0.8.0
7f28090b2000-7f28090dd000 r-xp 00000000 08:06 1576231                    /usr/lib/x86_64-linux-gnu/libvorbis.so.0.4.5
7f28090dd000-7f28092dd000 ---p 0002b000 08:06 1576231                    /usr/lib/x86_64-linux-gnu/libvorbis.so.0.4.5
7f28092dd000-7f28092de000 r-xp 0002b000 08:06 1576231                    /usr/lib/x86_64-linux-gnu/libvorbis.so.0.4.5
7f28092de000-7f28092df000 rwxp 0002c000 08:06 1576231                    /usr/lib/x86_64-linux-gnu/libvorbis.so.0.4.5
7f28092df000-7f2809592000 r-xp 00000000 08:06 1576263                    /usr/lib/x86_64-linux-gnu/libvorbisenc.so.2.0.8
7f2809592000-7f2809791000 ---p 002b3000 08:06 1576263                    /usr/lib/x86_64-linux-gnu/libvorbisenc.so.2.0.8
7f2809791000-7f28097ad000 r-xp 002b2000 08:06 1576263                    /usr/lib/x86_64-linux-gnu/libvorbisenc.so.2.0.8
7f28097ad000-7f28097ae000 rwxp 002ce000 08:06 1576263                    /usr/lib/x86_64-linux-gnu/libvorbisenc.so.2.0.8
7f28097ae000-7f28097f8000 r-xp 00000000 08:06 1579742                    /usr/lib/x86_64-linux-gnu/libFLAC.so.8.2.0
7f28097f8000-7f28099f8000 ---p 0004a000 08:06 1579742                    /usr/lib/x86_64-linux-gnu/libFLAC.so.8.2.0
7f28099f8000-7f28099f9000 r-xp 0004a000 08:06 1579742                    /usr/lib/x86_64-linux-gnu/libFLAC.so.8.2.0
7f28099f9000-7f28099fa000 rwxp 0004b000 08:06 1579742                    /usr/lib/x86_64-linux-gnu/libFLAC.so.8.2.0
7f28099fa000-7f28099ff000 r-xp 00000000 08:06 1575746                    /usr/lib/x86_64-linux-gnu/libasyncns.so.0.3.1
7f28099ff000-7f2809bfe000 ---p 00005000 08:06 1575746                    /usr/lib/x86_64-linux-gnu/libasyncns.so.0.3.1
7f2809bfe000-7f2809bff000 r-xp 00004000 08:06 1575746                    /usr/lib/x86_64-linux-gnu/libasyncns.so.0.3.1
7f2809bff000-7f2809c00000 rwxp 00005000 08:06 1575746                    /usr/lib/x86_64-linux-gnu/libasyncns.so.0.3.1
7f2809c00000-7f2809c5f000 r-xp 00000000 08:06 1576268                    /usr/lib/x86_64-linux-gnu/libsndfile.so.1.0.25
7f2809c5f000-7f2809e5f000 ---p 0005f000 08:06 1576268                    /usr/lib/x86_64-linux-gnu/libsndfile.so.1.0.25
7f2809e5f000-7f2809e61000 r-xp 0005f000 08:06 1576268                    /usr/lib/x86_64-linux-gnu/libsndfile.so.1.0.25
7f2809e61000-7f2809e62000 rwxp 00061000 08:06 1576268                    /usr/lib/x86_64-linux-gnu/libsndfile.so.1.0.25
7f2809e62000-7f2809e66000 rwxp 00000000 00:00 0 
7f2809e66000-7f2809e6e000 r-xp 00000000 08:06 12583895                   /lib/x86_64-linux-gnu/libwrap.so.0.7.6
7f2809e6e000-7f280a06e000 ---p 00008000 08:06 12583895                   /lib/x86_64-linux-gnu/libwrap.so.0.7.6
7f280a06e000-7f280a06f000 r-xp 00008000 08:06 12583895                   /lib/x86_64-linux-gnu/libwrap.so.0.7.6
7f280a06f000-7f280a070000 rwxp 00009000 08:06 12583895                   /lib/x86_64-linux-gnu/libwrap.so.0.7.6
7f280a070000-7f280a0b3000 r-xp 00000000 08:06 12583792                   /lib/x86_64-linux-gnu/libdbus-1.so.3.7.2
7f280a0b3000-7f280a2b2000 ---p 00043000 08:06 12583792                   /lib/x86_64-linux-gnu/libdbus-1.so.3.7.2
7f280a2b2000-7f280a2b3000 r-xp 00042000 08:06 12583792                   /lib/x86_64-linux-gnu/libdbus-1.so.3.7.2
7f280a2b3000-7f280a2b4000 rwxp 00043000 08:06 12583792                   /lib/x86_64-linux-gnu/libdbus-1.so.3.7.2
7f280a2b4000-7f280a316000 r-xp 00000000 08:06 7083651                    /usr/lib/x86_64-linux-gnu/pulseaudio/libpulsecommon-3.0.so
7f280a316000-7f280a515000 ---p 00062000 08:06 7083651                    /usr/lib/x86_64-linux-gnu/pulseaudio/libpulsecommon-3.0.so
7f280a515000-7f280a516000 r-xp 00061000 08:06 7083651                    /usr/lib/x86_64-linux-gnu/pulseaudio/libpulsecommon-3.0.so
7f280a516000-7f280a517000 rwxp 00062000 08:06 7083651                    /usr/lib/x86_64-linux-gnu/pulseaudio/libpulsecommon-3.0.so
7f280a517000-7f280a51f000 r-xp 00000000 08:06 12592711                   /lib/x86_64-linux-gnu/libjson.so.0.1.0
7f280a51f000-7f280a71e000 ---p 00008000 08:06 12592711                   /lib/x86_64-linux-gnu/libjson.so.0.1.0
7f280a71e000-7f280a71f000 r-xp 00007000 08:06 12592711                   /lib/x86_64-linux-gnu/libjson.so.0.1.0
7f280a71f000-7f280a720000 rwxp 00008000 08:06 12592711                   /lib/x86_64-linux-gnu/libjson.so.0.1.0
7f280a720000-7f280a767000 r-xp 00000000 08:06 1583214                    /usr/lib/x86_64-linux-gnu/libpulse.so.0.15.3
7f280a767000-7f280a966000 ---p 00047000 08:06 1583214                    /usr/lib/x86_64-linux-gnu/libpulse.so.0.15.3
7f280a966000-7f280a967000 r-xp 00046000 08:06 1583214                    /usr/lib/x86_64-linux-gnu/libpulse.so.0.15.3
7f280a967000-7f280a968000 rwxp 00047000 08:06 1583214                    /usr/lib/x86_64-linux-gnu/libpulse.so.0.15.3
7f280abbd000-7f280abc1000 r-xp 00000000 08:06 1577381                    /usr/lib/x86_64-linux-gnu/libXxf86vm.so.1.0.0
7f280abc1000-7f280adc1000 ---p 00004000 08:06 1577381                    /usr/lib/x86_64-linux-gnu/libXxf86vm.so.1.0.0
7f280adc1000-7f280adc2000 r-xp 00004000 08:06 1577381                    /usr/lib/x86_64-linux-gnu/libXxf86vm.so.1.0.0
7f280adc2000-7f280adc3000 rwxp 00005000 08:06 1577381                    /usr/lib/x86_64-linux-gnu/libXxf86vm.so.1.0.0
7f280adc3000-7f280adcc000 r-xp 00000000 08:06 1576326                    /usr/lib/x86_64-linux-gnu/libXrandr.so.2.2.0
7f280adcc000-7f280afcb000 ---p 00009000 08:06 1576326                    /usr/lib/x86_64-linux-gnu/libXrandr.so.2.2.0
7f280afcb000-7f280afcc000 r-xp 00008000 08:06 1576326                    /usr/lib/x86_64-linux-gnu/libXrandr.so.2.2.0
7f280afcc000-7f280afcd000 rwxp 00009000 08:06 1576326                    /usr/lib/x86_64-linux-gnu/libXrandr.so.2.2.0
7f280afcd000-7f280b037000 r-xp 00000000 08:06 6554601                    /tmp/libgdxbompo/2789134151/liblwjgl64.so
7f280b037000-7f280b237000 ---p 0006a000 08:06 6554601                    /tmp/libgdxbompo/2789134151/liblwjgl64.so
7f280b237000-7f280b239000 r-xp 0006a000 08:06 6554601                    /tmp/libgdxbompo/2789134151/liblwjgl64.so
7f280b239000-7f280b23a000 rwxp 0006c000 08:06 6554601                    /tmp/libgdxbompo/2789134151/liblwjgl64.so
7f280b23a000-7f280b23b000 r-xp 00000000 08:06 1972943                    /usr/lib/jvm/java-6-sun-1.6.0.31/jre/lib/amd64/libjawt.so
7f280b23b000-7f280b33a000 ---p 00001000 08:06 1972943                    /usr/lib/jvm/java-6-sun-1.6.0.31/jre/lib/amd64/libjawt.so
7f280b33a000-7f280b33b000 rwxp 00000000 08:06 1972943                    /usr/lib/jvm/java-6-sun-1.6.0.31/jre/lib/amd64/libjawt.so
7f280b33b000-7f280b33e000 ---p 00000000 00:00 0 
7f280b33e000-7f280b43c000 rwxp 00000000 00:00 0                          [stack:16673]
7f280b43c000-7f280b441000 r-xp 00000000 08:06 1574502                    /usr/lib/x86_64-linux-gnu/libXfixes.so.3.1.0
7f280b441000-7f280b640000 ---p 00005000 08:06 1574502                    /usr/lib/x86_64-linux-gnu/libXfixes.so.3.1.0
7f280b640000-7f280b641000 r-xp 00004000 08:06 1574502                    /usr/lib/x86_64-linux-gnu/libXfixes.so.3.1.0
7f280b641000-7f280b642000 rwxp 00005000 08:06 1574502                    /usr/lib/x86_64-linux-gnu/libXfixes.so.3.1.0
7f280b642000-7f280b64b000 r-xp 00000000 08:06 1576135                    /usr/lib/x86_64-linux-gnu/libXrender.so.1.3.0
7f280b64b000-7f280b84a000 ---p 00009000 08:06 1576135                    /usr/lib/x86_64-linux-gnu/libXrender.so.1.3.0
7f280b84a000-7f280b84b000 r-xp 00008000 08:06 1576135                    /usr/lib/x86_64-linux-gnu/libXrender.so.1.3.0
7f280b84b000-7f280b84c000 rwxp 00009000 08:06 1576135                    /usr/lib/x86_64-linux-gnu/libXrender.so.1.3.0
7f280b84c000-7f280b855000 r-xp 00000000 08:06 1584342                    /usr/lib/x86_64-linux-gnu/libXcursor.so.1.0.2
7f280b855000-7f280ba55000 ---p 00009000 08:06 1584342                    /usr/lib/x86_64-linux-gnu/libXcursor.so.1.0.2
7f280ba55000-7f280ba56000 r-xp 00009000 08:06 1584342                    /usr/lib/x86_64-linux-gnu/libXcursor.so.1.0.2
7f280ba56000-7f280ba57000 rwxp 0000a000 08:06 1584342                    /usr/lib/x86_64-linux-gnu/libXcursor.so.1.0.2
7f280ba57000-7f280bad0000 r-xp 00000000 08:06 1972968                    /usr/lib/jvm/java-6-sun-1.6.0.31/jre/lib/amd64/libfontmanager.so
7f280bad0000-7f280bbcf000 ---p 00079000 08:06 1972968                    /usr/lib/jvm/java-6-sun-1.6.0.31/jre/lib/amd64/libfontmanager.so
7f280bbcf000-7f280bbe4000 rwxp 00078000 08:06 1972968                    /usr/lib/jvm/java-6-sun-1.6.0.31/jre/lib/amd64/libfontmanager.so
7f280bbe4000-7f280bbf6000 rwxp 00000000 00:00 0 
7f280bbf6000-7f280bbfb000 r-xp 00000000 08:06 1575148                    /usr/lib/x86_64-linux-gnu/libXdmcp.so.6.0.0
7f280bbfb000-7f280bdfa000 ---p 00005000 08:06 1575148                    /usr/lib/x86_64-linux-gnu/libXdmcp.so.6.0.0
7f280bdfa000-7f280bdfb000 r-xp 00004000 08:06 1575148                    /usr/lib/x86_64-linux-gnu/libXdmcp.so.6.0.0
7f280bdfb000-7f280bdfc000 rwxp 00005000 08:06 1575148                    /usr/lib/x86_64-linux-gnu/libXdmcp.so.6.0.0
7f280bdfc000-7f280bdfe000 r-xp 00000000 08:06 1575339                    /usr/lib/x86_64-linux-gnu/libXau.so.6.0.0
7f280bdfe000-7f280bffe000 ---p 00002000 08:06 1575339                    /usr/lib/x86_64-linux-gnu/libXau.so.6.0.0
7f280bffe000-7f280bfff000 r-xp 00002000 08:06 1575339                    /usr/lib/x86_64-linux-gnu/libXau.so.6.0.0
7f280bfff000-7f280c000000 rwxp 00003000 08:06 1575339                    /usr/lib/x86_64-linux-gnu/libXau.so.6.0.0
7f280c000000-7f280c288000 rwxp 00000000 00:00 0 
7f280c288000-7f2810000000 ---p 00000000 00:00 0 
7f2810000000-7f2810021000 rwxp 00000000 00:00 0 
7f2810021000-7f2814000000 ---p 00000000 00:00 0 
7f2814000000-7f2814021000 rwxp 00000000 00:00 0 
7f2814021000-7f2818000000 ---p 00000000 00:00 0 
7f2818000000-7f28183c8000 rwxp 00000000 00:00 0 
7f28183c8000-7f281c000000 ---p 00000000 00:00 0 
7f281c000000-7f281c021000 rwxp 00000000 00:00 0 
7f281c021000-7f2820000000 ---p 00000000 00:00 0 
7f2820000000-7f2820021000 rwxp 00000000 00:00 0 
7f2820021000-7f2824000000 ---p 00000000 00:00 0 
7f2824000000-7f2824021000 rwxp 00000000 00:00 0 
7f2824021000-7f2828000000 ---p 00000000 00:00 0 
7f2828000000-7f2828021000 rwxp 00000000 00:00 0 
7f2828021000-7f282c000000 ---p 00000000 00:00 0 
7f282c000000-7f282c021000 rwxp 00000000 00:00 0 
7f282c021000-7f2830000000 ---p 00000000 00:00 0 
7f2830000000-7f2830021000 rwxp 00000000 00:00 0 
7f2830021000-7f2834000000 ---p 00000000 00:00 0 
7f2834000000-7f2834021000 rwxp 00000000 00:00 0 
7f2834021000-7f2838000000 ---p 00000000 00:00 0 
7f2838000000-7f2838021000 rwxp 00000000 00:00 0 
7f2838021000-7f283c000000 ---p 00000000 00:00 0 
7f283c000000-7f283c021000 rwxp 00000000 00:00 0 
7f283c021000-7f2840000000 ---p 00000000 00:00 0 
7f2840000000-7f2840021000 rwxp 00000000 00:00 0 
7f2840021000-7f2844000000 ---p 00000000 00:00 0 
7f2844000000-7f2844021000 rwxp 00000000 00:00 0 
7f2844021000-7f2848000000 ---p 00000000 00:00 0 
7f2848043000-7f2848044000 rwxs 00000000 00:04 162861                     /drm mm object (deleted)
7f2848044000-7f2848045000 rwxs 00000000 00:04 162855                     /drm mm object (deleted)
7f2848045000-7f2848046000 rwxp 00000000 00:00 0 
7f2848046000-7f284804d000 r-xs 00000000 08:06 2003412                    /usr/lib/x86_64-linux-gnu/gconv/gconv-modules.cache
7f284804d000-7f2848056000 r-xs 00000000 08:06 4721853                    /var/cache/fontconfig/945677eb7aeaf62f1d50efc3fb3ec7d8-le64.cache-3
7f2848056000-7f284805e000 r-xs 00000000 08:06 4741005                    /var/cache/fontconfig/a6d8cf8e4ec09cdbc8633c31745a07dd-le64.cache-3
7f284805e000-7f2848063000 r-xs 00000000 08:06 4737669                    /var/cache/fontconfig/2cd17615ca594fa2959ae173292e504c-le64.cache-3
7f2848063000-7f2848066000 ---p 00000000 00:00 0 
7f2848066000-7f2848164000 rwxp 00000000 00:00 0                          [stack:16672]
7f2848164000-7f2848181000 r-xp 00000000 08:06 1575224                    /usr/lib/x86_64-linux-gnu/libxcb.so.1.1.0
7f2848181000-7f2848380000 ---p 0001d000 08:06 1575224                    /usr/lib/x86_64-linux-gnu/libxcb.so.1.1.0
7f2848380000-7f2848381000 r-xp 0001c000 08:06 1575224                    /usr/lib/x86_64-linux-gnu/libxcb.so.1.1.0
7f2848381000-7f2848382000 rwxp 0001d000 08:06 1575224                    /usr/lib/x86_64-linux-gnu/libxcb.so.1.1.0
7f2848382000-7f2848390000 r-xp 00000000 08:06 1574498                    /usr/lib/x86_64-linux-gnu/libXi.so.6.1.0
7f2848390000-7f284858f000 ---p 0000e000 08:06 1574498                    /usr/lib/x86_64-linux-gnu/libXi.so.6.1.0
7f284858f000-7f2848590000 r-xp 0000d000 08:06 1574498                    /usr/lib/x86_64-linux-gnu/libXi.so.6.1.0
7f2848590000-7f2848591000 rwxp 0000e000 08:06 1574498                    /usr/lib/x86_64-linux-gnu/libXi.so.6.1.0
7f2848591000-7f2848596000 r-xp 00000000 08:06 1573818                    /usr/lib/x86_64-linux-gnu/libXtst.so.6.1.0
7f2848596000-7f2848795000 ---p 00005000 08:06 1573818                    /usr/lib/x86_64-linux-gnu/libXtst.so.6.1.0
7f2848795000-7f2848796000 r-xp 00004000 08:06 1573818                    /usr/lib/x86_64-linux-gnu/libXtst.so.6.1.0
7f2848796000-7f2848797000 rwxp 00005000 08:06 1573818                    /usr/lib/x86_64-linux-gnu/libXtst.so.6.1.0
7f2848797000-7f28488cb000 r-xp 00000000 08:06 1575228                    /usr/lib/x86_64-linux-gnu/libX11.so.6.3.0
7f28488cb000-7f2848acb000 ---p 00134000 08:06 1575228                    /usr/lib/x86_64-linux-gnu/libX11.so.6.3.0
7f2848acb000-7f2848acc000 r-xp 00134000 08:06 1575228                    /usr/lib/x86_64-linux-gnu/libX11.so.6.3.0
7f2848acc000-7f2848ad1000 rwxp 00135000 08:06 1575228                    /usr/lib/x86_64-linux-gnu/libX11.so.6.3.0
7f2848ad1000-7f2848ae1000 r-xp 00000000 08:06 1577458                    /usr/lib/x86_64-linux-gnu/libXext.so.6.4.0
7f2848ae1000-7f2848ce1000 ---p 00010000 08:06 1577458                    /usr/lib/x86_64-linux-gnu/libXext.so.6.4.0
7f2848ce1000-7f2848ce2000 r-xp 00010000 08:06 1577458                    /usr/lib/x86_64-linux-gnu/libXext.so.6.4.0
7f2848ce2000-7f2848ce3000 rwxp 00011000 08:06 1577458                    /usr/lib/x86_64-linux-gnu/libXext.so.6.4.0
7f2848ce3000-7f2848d25000 r-xp 00000000 08:06 1972964                    /usr/lib/jvm/java-6-sun-1.6.0.31/jre/lib/amd64/xawt/libmawt.so
7f2848d25000-7f2848e24000 ---p 00042000 08:06 1972964                    /usr/lib/jvm/java-6-sun-1.6.0.31/jre/lib/amd64/xawt/libmawt.so
7f2848e24000-7f2848e30000 rwxp 00041000 08:06 1972964                    /usr/lib/jvm/java-6-sun-1.6.0.31/jre/lib/amd64/xawt/libmawt.so
7f2848e30000-7f2848e31000 rwxp 00000000 00:00 0 
7f2848e31000-7f2848ec3000 r-xp 00000000 08:06 1972986                    /usr/lib/jvm/java-6-sun-1.6.0.31/jre/lib/amd64/libawt.so
7f2848ec3000-7f2848fc2000 ---p 00092000 08:06 1972986                    /usr/lib/jvm/java-6-sun-1.6.0.31/jre/lib/amd64/libawt.so
7f2848fc2000-7f2848fdc000 rwxp 00091000 08:06 1972986                    /usr/lib/jvm/java-6-sun-1.6.0.31/jre/lib/amd64/libawt.so
7f2848fdc000-7f2849270000 rwxp 00000000 00:00 0 
7f2849270000-7f284c282000 rwxp 00000000 00:00 0 
7f284c282000-7f2850000000 ---p 00000000 00:00 0 
7f2850000000-7f2850001000 r-xs 00000000 08:06 4737784                    /var/cache/fontconfig/c05880de57d1f5e948fdfacc138775d9-le64.cache-3
7f2850001000-7f2850003000 r-xs 00000000 08:06 4719907                    /var/cache/fontconfig/99e8ed0e538f840c565b6ed5dad60d56-le64.cache-3
7f2850003000-7f2850004000 r-xs 00000000 08:06 4737661                    /var/cache/fontconfig/e7071f4a29fa870f4323321c154eba04-le64.cache-3
7f2850004000-7f2850005000 r-xs 00000000 08:06 4731329                    /var/cache/fontconfig/617957603a337376ca8784972c6029f5-le64.cache-3
7f2850005000-7f285000a000 r-xs 00000000 08:06 4719754                    /var/cache/fontconfig/6eb3985aa4124903f6ff08ba781cd364-le64.cache-3
7f285000a000-7f285000b000 r-xs 00000000 08:06 4730959                    /var/cache/fontconfig/0d8c3b2ac0904cb8a57a757ad11a4a08-le64.cache-3
7f285000b000-7f2850011000 r-xs 00000000 08:06 4730943                    /var/cache/fontconfig/a755afe4a08bf5b97852ceb7400b47bc-le64.cache-3
7f2850011000-7f285001a000 r-xs 00000000 08:06 4730919                    /var/cache/fontconfig/6d41288fd70b0be22e8c3a91e032eec0-le64.cache-3
7f285001a000-7f285002a000 r-xs 00000000 08:06 4740852                    /var/cache/fontconfig/04aabc0a78ac019cf9454389977116d2-le64.cache-3
7f285002a000-7f285002b000 r-xs 00000000 08:06 4730737                    /var/cache/fontconfig/1ac9eb803944fde146138c791f5cc56a-le64.cache-3
7f285002b000-7f285002c000 r-xs 00000000 08:06 4730735                    /var/cache/fontconfig/b95bc8ffbebda2bbdae4265e45b8178d-le64.cache-3
7f285002c000-7f285002f000 r-xs 00000000 08:06 4745445                    /var/cache/fontconfig/385c0604a188198f04d133e54aba7fe7-le64.cache-3
7f285002f000-7f2850030000 r-xs 00000000 08:06 4730641                    /var/cache/fontconfig/9c956a7723ca69a44b382d9179c9802f-le64.cache-3
7f2850030000-7f2850031000 r-xs 00000000 08:06 4730640                    /var/cache/fontconfig/dc05db6664285cc2f12bf69c139ae4c3-le64.cache-3
7f2850031000-7f2850032000 r-xs 00000000 08:06 4730612                    /var/cache/fontconfig/5d1cca7074f29429a8d18692746c2426-le64.cache-3
7f2850032000-7f2850034000 r-xs 00000000 08:06 4730576                    /var/cache/fontconfig/767a8244fc0220cfb567a839d0392e0b-le64.cache-3
7f2850034000-7f2850035000 r-xs 00000000 08:06 4745104                    /var/cache/fontconfig/4794a0821666d79190d59a36cb4f44b5-le64.cache-3
7f2850035000-7f2850036000 r-xs 00000000 08:06 4730567                    /var/cache/fontconfig/9eae20f1ff8cc0a7d125749e875856bd-le64.cache-3
7f2850036000-7f2850038000 r-xs 00000000 08:06 4730559                    /var/cache/fontconfig/bf2c1853a9e9b00bb02fe2e9bcf1e201-le64.cache-3
7f2850038000-7f285003b000 r-xs 00000000 08:06 4745471                    /var/cache/fontconfig/8801497958630a81b71ace7c5f9b32a8-le64.cache-3
7f285003b000-7f2850069000 r-xs 00000000 08:06 4742622                    /var/cache/fontconfig/365b55f210c0a22e9a19e35191240f32-le64.cache-3
7f2850069000-7f285006e000 r-xs 00000000 08:06 4730548                    /var/cache/fontconfig/3047814df9a2f067bd2d96a2b9c36e5a-le64.cache-3
7f285006e000-7f285006f000 r-xs 00000000 08:06 4730547                    /var/cache/fontconfig/56cf4f4769d0f4abc89a4895d7bd3ae1-le64.cache-3
7f285006f000-7f2850070000 r-xs 00000000 08:06 4730533                    /var/cache/fontconfig/b9d506c9ac06c20b433354fa67a72993-le64.cache-3
7f2850070000-7f2850075000 r-xs 00000000 08:06 4745437                    /var/cache/fontconfig/b47c4e1ecd0709278f4910c18777a504-le64.cache-3
7f2850075000-7f2850078000 r-xs 00000000 08:06 4745426                    /var/cache/fontconfig/14d493b97896515cad3840ba4896e372-le64.cache-3
7f2850078000-7f2850079000 r-xs 00000000 08:06 4730353                    /var/cache/fontconfig/89034621ae2a8922916bb6bfa5799546-le64.cache-3
7f2850079000-7f2850081000 r-xs 00000000 08:06 4745428                    /var/cache/fontconfig/52f7bdb7ce746bfd7eaa1985bd9cfa93-le64.cache-3
7f2850081000-7f2850084000 r-xs 00000000 08:06 4730327                    /var/cache/fontconfig/e49e89034d371f0f9de17aab02136486-le64.cache-3
7f2850084000-7f2850086000 r-xs 00000000 08:06 4730326                    /var/cache/fontconfig/4b14b093aebc79c320de5e86ae1d3314-le64.cache-3
7f2850086000-7f2850087000 r-xs 00000000 08:06 4730246                    /var/cache/fontconfig/8aec10f4cc8391dcef22ca549f1e4354-le64.cache-3
7f2850087000-7f2850098000 r-xs 00000000 08:06 4726127                    /var/cache/fontconfig/d52a8644073d54c13679302ca1180695-le64.cache-3
7f2850098000-7f285009f000 r-xs 00000000 08:06 4745425                    /var/cache/fontconfig/3f7329c5293ffd510edef78f73874cfd-le64.cache-3
7f285009f000-7f28500a0000 r-xs 00000000 08:06 4729859                    /var/cache/fontconfig/ac2cf712d852da827a87a9baf682f5b9-le64.cache-3
7f28500a0000-7f28500a2000 r-xs 00000000 08:06 4729806                    /var/cache/fontconfig/65f976e5259cbe6dc7697b8648396239-le64.cache-3
7f28500a2000-7f28500a3000 r-xs 00000000 08:06 4729792                    /var/cache/fontconfig/94f7fe9bd33aadfac165873bd010d595-le64.cache-3
7f28500a3000-7f28500a4000 r-xs 00000000 08:06 4729181                    /var/cache/fontconfig/423767150eb258c59035de29db6fca84-le64.cache-3
7f28500a4000-7f28500a5000 r-xs 00000000 08:06 4729180                    /var/cache/fontconfig/845c20fd2c4814bcec78e05d37a63ccc-le64.cache-3
7f28500a5000-7f28500a6000 r-xs 00000000 08:06 4727145                    /var/cache/fontconfig/e7de81b01590fb7e12b38e274e17d0db-le64.cache-3
7f28500a6000-7f28500a7000 r-xs 00000000 08:06 4725912                    /var/cache/fontconfig/406a1d2d2bf3ed7664fbadefac0b2f66-le64.cache-3
7f28500a7000-7f28500a9000 r-xs 00000000 08:06 4725349                    /var/cache/fontconfig/67709b7835c0f764c1135060c9575660-le64.cache-3
7f28500a9000-7f28500b3000 r-xs 00000000 08:06 4723477                    /var/cache/fontconfig/83bf95040141907cd45bb53cf7c1c148-le64.cache-3
7f28500b3000-7f28500bf000 r-xs 00000000 08:06 4723395                    /var/cache/fontconfig/53d14c92082a93e67d5078324eb314ca-le64.cache-3
7f28500bf000-7f28500c3000 r-xs 00000000 08:06 4745421                    /var/cache/fontconfig/6c08beecf0dac481ec92e759e0c2e6d7-le64.cache-3
7f28500c3000-7f28500c7000 r-xs 00000000 08:06 4745419                    /var/cache/fontconfig/4d6aee6d44eccb37054d3216e945f618-le64.cache-3
7f28500c7000-7f28500cb000 r-xs 00000000 08:06 4745420                    /var/cache/fontconfig/d6c6df98c3df5faf9bd0f8ef4d91efe5-le64.cache-3
7f28500cb000-7f28500cf000 r-xs 00000000 08:06 4745417                    /var/cache/fontconfig/9fb319ef52839f11ee26ab8b4cffa12b-le64.cache-3
7f28500cf000-7f28500e0000 r-xs 00000000 08:06 4722316                    /var/cache/fontconfig/4ac51e5cfbc76fc3f983e470323a16d3-le64.cache-3
7f28500e0000-7f28500e2000 r-xs 00000000 08:06 4722298                    /var/cache/fontconfig/c19b55eb3b4c5b40ea175e31682068a5-le64.cache-3
7f28500e2000-7f28500fc000 r-xs 00000000 08:06 4745852                    /var/cache/fontconfig/e13b20fdb08344e0e664864cc2ede53d-le64.cache-3
7f28500fc000-7f2850110000 r-xp 00000000 08:06 12583030                   /lib/x86_64-linux-gnu/libgcc_s.so.1
7f2850110000-7f2850310000 ---p 00014000 08:06 12583030                   /lib/x86_64-linux-gnu/libgcc_s.so.1
7f2850310000-7f2850311000 r-xp 00014000 08:06 12583030                   /lib/x86_64-linux-gnu/libgcc_s.so.1
7f2850311000-7f2850312000 rwxp 00015000 08:06 12583030                   /lib/x86_64-linux-gnu/libgcc_s.so.1
7f2850312000-7f28503f7000 r-xp 00000000 08:06 1573712                    /usr/lib/x86_64-linux-gnu/libstdc++.so.6.0.17
7f28503f7000-7f28505f6000 ---p 000e5000 08:06 1573712                    /usr/lib/x86_64-linux-gnu/libstdc++.so.6.0.17
7f28505f6000-7f28505fe000 r-xp 000e4000 08:06 1573712                    /usr/lib/x86_64-linux-gnu/libstdc++.so.6.0.17
7f28505fe000-7f2850600000 rwxp 000ec000 08:06 1573712                    /usr/lib/x86_64-linux-gnu/libstdc++.so.6.0.17
7f2850600000-7f2850615000 rwxp 00000000 00:00 0 
7f2850615000-7f285061f000 r-xs 00000000 08:06 4742612                    /var/cache/fontconfig/8f02d4cb045bd6ce15663e43f347c9f8-le64.cache-3
7f285061f000-7f2850637000 r-xs 00000000 08:06 4738113                    /var/cache/fontconfig/467c019e582ee353435ea5c21d137ef6-le64.cache-3
7f2850637000-7f285063f000 r-xs 00000000 08:06 1463921                    /home/bompo/.fontconfig/aa7e4f27e681240d22a1f116cf7520f0-le64.cache-3
7f285063f000-7f28506a7000 r-xp 00000000 08:06 6554600                    /tmp/libgdxbompo/1506174322/libgdx64.so
7f28506a7000-7f28508a6000 ---p 00068000 08:06 6554600                    /tmp/libgdxbompo/1506174322/libgdx64.so
7f28508a6000-7f28508a8000 r-xp 00067000 08:06 6554600                    /tmp/libgdxbompo/1506174322/libgdx64.so
7f28508a8000-7f28508a9000 rwxp 00069000 08:06 6554600                    /tmp/libgdxbompo/1506174322/libgdx64.so
7f28508a9000-7f28508aa000 rwxp 00000000 00:00 0 
7f28508aa000-7f28508be000 r-xs 0014d000 08:06 1707018                    /home/bompo/workspace_libgdx/ld26-desktop/libs/gdx-backend-lwjgl.jar
7f28508be000-7f28508bf000 ---p 00000000 00:00 0 
7f28508bf000-7f28509bf000 rwxp 00000000 00:00 0 
7f28509bf000-7f28509c2000 ---p 00000000 00:00 0 
7f28509c2000-7f2850ac0000 rwxp 00000000 00:00 0                          [stack:16670]
7f2850ac0000-7f2850ac3000 ---p 00000000 00:00 0 
7f2850ac3000-7f2850bc1000 rwxp 00000000 00:00 0                          [stack:16669]
7f2850bc1000-7f2850bc4000 ---p 00000000 00:00 0 
7f2850bc4000-7f2850cc2000 rwxp 00000000 00:00 0                          [stack:16668]
7f2850cc2000-7f2850cc5000 ---p 00000000 00:00 0 
7f2850cc5000-7f2850dc3000 rwxp 00000000 00:00 0                          [stack:16667]
7f2850dc3000-7f285108c000 r-xp 00000000 08:06 1577455                    /usr/lib/locale/locale-archive
7f285108c000-7f285108f000 ---p 00000000 00:00 0 
7f285108f000-7f285118d000 rwxp 00000000 00:00 0                          [stack:16666]
7f285118d000-7f2851190000 ---p 00000000 00:00 0 
7f2851190000-7f285128e000 rwxp 00000000 00:00 0                          [stack:16665]
7f285128e000-7f285128f000 ---p 00000000 00:00 0 
7f285128f000-7f2851ccc000 rwxp 00000000 00:00 0 
7f2851ccc000-7f2851e68000 r-xs 030c2000 08:06 1705226                    /usr/lib/jvm/java-6-sun-1.6.0.31/jre/lib/rt.jar
7f2851e68000-7f2851e90000 rwxp 00000000 00:00 0 
7f2851e90000-7f2851e91000 ---p 00000000 00:00 0 
7f2851e91000-7f2851f91000 rwxp 00000000 00:00 0                          [stack:16663]
7f2851f91000-7f2851f92000 ---p 00000000 00:00 0 
7f2851f92000-7f2852092000 rwxp 00000000 00:00 0                          [stack:16662]
7f2852092000-7f2852093000 ---p 00000000 00:00 0 
7f2852093000-7f2852193000 rwxp 00000000 00:00 0                          [stack:16661]
7f2852193000-7f2852194000 ---p 00000000 00:00 0 
7f2852194000-7f2852294000 rwxp 00000000 00:00 0                          [stack:16660]
7f2852294000-7f2852295000 ---p 00000000 00:00 0 
7f2852295000-7f2852395000 rwxp 00000000 00:00 0                          [stack:16659]
7f2852395000-7f2852396000 ---p 00000000 00:00 0 
7f2852396000-7f2852496000 rwxp 00000000 00:00 0                          [stack:16658]
7f2852496000-7f2852497000 ---p 00000000 00:00 0 
7f2852497000-7f2852597000 rwxp 00000000 00:00 0                          [stack:16657]
7f2852597000-7f2852598000 ---p 00000000 00:00 0 
7f2852598000-7f28526a3000 rwxp 00000000 00:00 0                          [stack:16656]
7f28526a3000-7f28526c1000 rwxp 00000000 00:00 0 
7f28526c1000-7f28526d6000 rwxp 00000000 00:00 0 
7f28526d6000-7f2852802000 rwxp 00000000 00:00 0 
7f2852802000-7f285280d000 rwxp 00000000 00:00 0 
7f285280d000-7f285282b000 rwxp 00000000 00:00 0 
7f285282b000-7f2852840000 rwxp 00000000 00:00 0 
7f2852840000-7f285296b000 rwxp 00000000 00:00 0 
7f285296b000-7f2852976000 rwxp 00000000 00:00 0 
7f2852976000-7f2852a0c000 rwxp 00000000 00:00 0 
7f2852a0c000-7f2852a0d000 rwxp 00000000 00:00 0 
7f2852a0d000-7f2852a1b000 r-xp 00000000 08:06 1972967                    /usr/lib/jvm/java-6-sun-1.6.0.31/jre/lib/amd64/libzip.so
7f2852a1b000-7f2852b1d000 ---p 0000e000 08:06 1972967                    /usr/lib/jvm/java-6-sun-1.6.0.31/jre/lib/amd64/libzip.so
7f2852b1d000-7f2852b20000 rwxp 00010000 08:06 1972967                    /usr/lib/jvm/java-6-sun-1.6.0.31/jre/lib/amd64/libzip.so
7f2852b20000-7f2852b21000 rwxp 00000000 00:00 0 
7f2852b21000-7f2852b2d000 r-xp 00000000 08:06 12583989                   /lib/x86_64-linux-gnu/libnss_files-2.17.so
7f2852b2d000-7f2852d2c000 ---p 0000c000 08:06 12583989                   /lib/x86_64-linux-gnu/libnss_files-2.17.so
7f2852d2c000-7f2852d2d000 r-xp 0000b000 08:06 12583989                   /lib/x86_64-linux-gnu/libnss_files-2.17.so
7f2852d2d000-7f2852d2e000 rwxp 0000c000 08:06 12583989                   /lib/x86_64-linux-gnu/libnss_files-2.17.so
7f2852d2e000-7f2852d39000 r-xp 00000000 08:06 12583981                   /lib/x86_64-linux-gnu/libnss_nis-2.17.so
7f2852d39000-7f2852f38000 ---p 0000b000 08:06 12583981                   /lib/x86_64-linux-gnu/libnss_nis-2.17.so
7f2852f38000-7f2852f39000 r-xp 0000a000 08:06 12583981                   /lib/x86_64-linux-gnu/libnss_nis-2.17.so
7f2852f39000-7f2852f3a000 rwxp 0000b000 08:06 12583981                   /lib/x86_64-linux-gnu/libnss_nis-2.17.so
7f2852f3a000-7f2852f42000 r-xp 00000000 08:06 12583971                   /lib/x86_64-linux-gnu/libnss_compat-2.17.so
7f2852f42000-7f2853141000 ---p 00008000 08:06 12583971                   /lib/x86_64-linux-gnu/libnss_compat-2.17.so
7f2853141000-7f2853142000 r-xp 00007000 08:06 12583971                   /lib/x86_64-linux-gnu/libnss_compat-2.17.so
7f2853142000-7f2853143000 rwxp 00008000 08:06 12583971                   /lib/x86_64-linux-gnu/libnss_compat-2.17.so
7f2853143000-7f285315a000 r-xp 00000000 08:06 12583949                   /lib/x86_64-linux-gnu/libnsl-2.17.so
7f285315a000-7f2853359000 ---p 00017000 08:06 12583949                   /lib/x86_64-linux-gnu/libnsl-2.17.so
7f2853359000-7f285335a000 r-xp 00016000 08:06 12583949                   /lib/x86_64-linux-gnu/libnsl-2.17.so
7f285335a000-7f285335b000 rwxp 00017000 08:06 12583949                   /lib/x86_64-linux-gnu/libnsl-2.17.so
7f285335b000-7f285335d000 rwxp 00000000 00:00 0 
7f285335d000-7f2853386000 r-xp 00000000 08:06 1972990                    /usr/lib/jvm/java-6-sun-1.6.0.31/jre/lib/amd64/libjava.so
7f2853386000-7f2853485000 ---p 00029000 08:06 1972990                    /usr/lib/jvm/java-6-sun-1.6.0.31/jre/lib/amd64/libjava.so
7f2853485000-7f285348c000 rwxp 00028000 08:06 1972990                    /usr/lib/jvm/java-6-sun-1.6.0.31/jre/lib/amd64/libjava.so
7f285348c000-7f2853499000 r-xp 00000000 08:06 1972958                    /usr/lib/jvm/java-6-sun-1.6.0.31/jre/lib/amd64/libverify.so
7f2853499000-7f2853598000 ---p 0000d000 08:06 1972958                    /usr/lib/jvm/java-6-sun-1.6.0.31/jre/lib/amd64/libverify.so
7f2853598000-7f285359b000 rwxp 0000c000 08:06 1972958                    /usr/lib/jvm/java-6-sun-1.6.0.31/jre/lib/amd64/libverify.so
7f285359b000-7f28535a2000 r-xp 00000000 08:06 12582992                   /lib/x86_64-linux-gnu/librt-2.17.so
7f28535a2000-7f28537a1000 ---p 00007000 08:06 12582992                   /lib/x86_64-linux-gnu/librt-2.17.so
7f28537a1000-7f28537a2000 r-xp 00006000 08:06 12582992                   /lib/x86_64-linux-gnu/librt-2.17.so
7f28537a2000-7f28537a3000 rwxp 00007000 08:06 12582992                   /lib/x86_64-linux-gnu/librt-2.17.so
7f28537a3000-7f28537a6000 ---p 00000000 00:00 0 
7f28537a6000-7f28538a4000 rwxp 00000000 00:00 0 
7f28538a4000-7f28539a7000 r-xp 00000000 08:06 12583977                   /lib/x86_64-linux-gnu/libm-2.17.so
7f28539a7000-7f2853ba7000 ---p 00103000 08:06 12583977                   /lib/x86_64-linux-gnu/libm-2.17.so
7f2853ba7000-7f2853ba8000 r-xp 00103000 08:06 12583977                   /lib/x86_64-linux-gnu/libm-2.17.so
7f2853ba8000-7f2853ba9000 rwxp 00104000 08:06 12583977                   /lib/x86_64-linux-gnu/libm-2.17.so
7f2853ba9000-7f28544c3000 r-xp 00000000 08:06 1972988                    /usr/lib/jvm/java-6-sun-1.6.0.31/jre/lib/amd64/server/libjvm.so
7f28544c3000-7f28545c5000 ---p 0091a000 08:06 1972988                    /usr/lib/jvm/java-6-sun-1.6.0.31/jre/lib/amd64/server/libjvm.so
7f28545c5000-7f285477a000 rwxp 0091c000 08:06 1972988                    /usr/lib/jvm/java-6-sun-1.6.0.31/jre/lib/amd64/server/libjvm.so
7f285477a000-7f28547b4000 rwxp 00000000 00:00 0 
7f28547b4000-7f2854972000 r-xp 00000000 08:06 12583965                   /lib/x86_64-linux-gnu/libc-2.17.so
7f2854972000-7f2854b71000 ---p 001be000 08:06 12583965                   /lib/x86_64-linux-gnu/libc-2.17.so
7f2854b71000-7f2854b75000 r-xp 001bd000 08:06 12583965                   /lib/x86_64-linux-gnu/libc-2.17.so
7f2854b75000-7f2854b77000 rwxp 001c1000 08:06 12583965                   /lib/x86_64-linux-gnu/libc-2.17.so
7f2854b77000-7f2854b7c000 rwxp 00000000 00:00 0 
7f2854b7c000-7f2854b7f000 r-xp 00000000 08:06 12583967                   /lib/x86_64-linux-gnu/libdl-2.17.so
7f2854b7f000-7f2854d7e000 ---p 00003000 08:06 12583967                   /lib/x86_64-linux-gnu/libdl-2.17.so
7f2854d7e000-7f2854d7f000 r-xp 00002000 08:06 12583967                   /lib/x86_64-linux-gnu/libdl-2.17.so
7f2854d7f000-7f2854d80000 rwxp 00003000 08:06 12583967                   /lib/x86_64-linux-gnu/libdl-2.17.so
7f2854d80000-7f2854d98000 r-xp 00000000 08:06 12583975                   /lib/x86_64-linux-gnu/libpthread-2.17.so
7f2854d98000-7f2854f97000 ---p 00018000 08:06 12583975                   /lib/x86_64-linux-gnu/libpthread-2.17.so
7f2854f97000-7f2854f98000 r-xp 00017000 08:06 12583975                   /lib/x86_64-linux-gnu/libpthread-2.17.so
7f2854f98000-7f2854f99000 rwxp 00018000 08:06 12583975                   /lib/x86_64-linux-gnu/libpthread-2.17.so
7f2854f99000-7f2854f9d000 rwxp 00000000 00:00 0 
7f2854f9d000-7f2854fc0000 r-xp 00000000 08:06 12583958                   /lib/x86_64-linux-gnu/ld-2.17.so
7f2854fc0000-7f2854fc5000 r-xs 00000000 08:06 4725119                    /var/cache/fontconfig/7ef2298fde41cc6eeb7af42e48b7d293-le64.cache-3
7f2854fc5000-7f2854fcf000 rwxp 00000000 00:00 0 
7f2854fcf000-7f2855085000 rwxp 00000000 00:00 0 
7f2855085000-7f2855088000 rwxp 00000000 00:00 0 
7f2855088000-7f285508f000 r-xp 00000000 08:06 1972981                    /usr/lib/jvm/java-6-sun-1.6.0.31/jre/lib/amd64/jli/libjli.so
7f285508f000-7f2855190000 ---p 00007000 08:06 1972981                    /usr/lib/jvm/java-6-sun-1.6.0.31/jre/lib/amd64/jli/libjli.so
7f2855190000-7f2855192000 rwxp 00008000 08:06 1972981                    /usr/lib/jvm/java-6-sun-1.6.0.31/jre/lib/amd64/jli/libjli.so
7f2855192000-7f2855193000 rwxp 00000000 00:00 0 
7f2855193000-7f2855194000 r-xs 00000000 08:06 4725345                    /var/cache/fontconfig/0c9eb80ebd1c36541ebe2852d3bb0c49-le64.cache-3
7f2855194000-7f2855195000 r-xs 00000000 08:06 4742614                    /var/cache/fontconfig/16326683038b281783a0ef8c680e3a10-le64.cache-3
7f2855195000-7f2855196000 r-xs 00000000 08:06 4738372                    /var/cache/fontconfig/e0aa53bcfa504e64f87823c16bc01eb6-le64.cache-3
7f2855196000-7f285519e000 r-xs 00000000 08:06 2623348                    /home/bompo/.cache/fontconfig/8a71e5fbcf8d47a0e55c1c2e45846aa0-le64.cache-3
7f285519e000-7f285519f000 r-xs 0017c000 08:06 1705998                    /home/bompo/workspace_libgdx/ld26-desktop/libs/gdx-natives.jar
7f285519f000-7f28551a0000 r-xs 00162000 08:06 1706963                    /home/bompo/workspace_libgdx/ld26-desktop/libs/gdx-backend-lwjgl-natives.jar
7f28551a0000-7f28551b3000 r-xs 00113000 08:06 1705364                    /home/bompo/workspace_libgdx/ld26/libs/gdx.jar
7f28551b3000-7f28551bb000 rwxs 00000000 08:06 6554559                    /tmp/hsperfdata_bompo/16650 (deleted)
7f28551bb000-7f28551bc000 rwxp 00000000 00:00 0 
7f28551bc000-7f28551bd000 ---p 00000000 00:00 0 
7f28551bd000-7f28551bf000 rwxp 00000000 00:00 0 
7f28551bf000-7f28551c0000 r-xp 00022000 08:06 12583958                   /lib/x86_64-linux-gnu/ld-2.17.so
7f28551c0000-7f28551c2000 rwxp 00023000 08:06 12583958                   /lib/x86_64-linux-gnu/ld-2.17.so
7fff34e03000-7fff34e24000 rwxp 00000000 00:00 0                          [stack]
7fff34f99000-7fff34f9b000 r-xp 00000000 00:00 0                          [vdso]
ffffffffff600000-ffffffffff601000 r-xp 00000000 00:00 0                  [vsyscall]

VM Arguments:
jvm_args: -Dfile.encoding=UTF-8 
java_command: de.swagner.Main
Launcher Type: SUN_STANDARD

Environment Variables:
PATH=/usr/lib/lightdm/lightdm:/usr/local/sbin:/usr/local/bin:/usr/sbin:/usr/bin:/sbin:/bin:/usr/games:/usr/local/games
LD_LIBRARY_PATH=/usr/lib/jvm/java-6-sun-1.6.0.31/jre/lib/amd64/server:/usr/lib/jvm/java-6-sun-1.6.0.31/jre/lib/amd64:/usr/lib/jvm/java-6-sun-1.6.0.31/jre/../lib/amd64
SHELL=/bin/bash
DISPLAY=:0.0

Signal Handlers:
SIGSEGV: [libjvm.so+0x85f7d0], sa_mask[0]=0x7ffbfeff, sa_flags=0x10000004
SIGBUS: [libjvm.so+0x85f7d0], sa_mask[0]=0x7ffbfeff, sa_flags=0x10000004
SIGFPE: [libjvm.so+0x70e3e0], sa_mask[0]=0x7ffbfeff, sa_flags=0x10000004
SIGPIPE: [libjvm.so+0x70e3e0], sa_mask[0]=0x7ffbfeff, sa_flags=0x10000004
SIGXFSZ: [libjvm.so+0x70e3e0], sa_mask[0]=0x7ffbfeff, sa_flags=0x10000004
SIGILL: [libjvm.so+0x70e3e0], sa_mask[0]=0x7ffbfeff, sa_flags=0x10000004
SIGUSR1: SIG_DFL, sa_mask[0]=0x00000000, sa_flags=0x00000000
SIGUSR2: [libjvm.so+0x711210], sa_mask[0]=0x00000004, sa_flags=0x10000004
SIGHUP: [libjvm.so+0x710e10], sa_mask[0]=0x7ffbfeff, sa_flags=0x10000004
SIGINT: [libjvm.so+0x710e10], sa_mask[0]=0x7ffbfeff, sa_flags=0x10000004
SIGTERM: [libjvm.so+0x710e10], sa_mask[0]=0x7ffbfeff, sa_flags=0x10000004
SIGQUIT: [libjvm.so+0x710e10], sa_mask[0]=0x7ffbfeff, sa_flags=0x10000004


---------------  S Y S T E M  ---------------

OS:wheezy/sid

uname:Linux 3.8.0-19-generic #29-Ubuntu SMP Wed Apr 17 18:16:28 UTC 2013 x86_64
libc:glibc 2.17 NPTL 2.17 
rlimit: STACK 8192k, CORE 0k, NPROC 30634, NOFILE 4096, AS infinity
load average:0.41 0.52 0.49

/proc/meminfo:
MemTotal:        3940264 kB
MemFree:          162660 kB
Buffers:           55540 kB
Cached:           863040 kB
SwapCached:          700 kB
Active:          2382868 kB
Inactive:        1085084 kB
Active(anon):    2166356 kB
Inactive(anon):   899364 kB
Active(file):     216512 kB
Inactive(file):   185720 kB
Unevictable:         288 kB
Mlocked:             288 kB
SwapTotal:       4080636 kB
SwapFree:        4017128 kB
Dirty:               264 kB
Writeback:             0 kB
AnonPages:       2548640 kB
Mapped:           252180 kB
Shmem:            516344 kB
Slab:             189664 kB
SReclaimable:     146416 kB
SUnreclaim:        43248 kB
KernelStack:        5888 kB
PageTables:        52440 kB
NFS_Unstable:          0 kB
Bounce:                0 kB
WritebackTmp:          0 kB
CommitLimit:     6050768 kB
Committed_AS:    7267204 kB
VmallocTotal:   34359738367 kB
VmallocUsed:      352620 kB
VmallocChunk:   34359376464 kB
HardwareCorrupted:     0 kB
AnonHugePages:         0 kB
HugePages_Total:       0
HugePages_Free:        0
HugePages_Rsvd:        0
HugePages_Surp:        0
Hugepagesize:       2048 kB
DirectMap4k:       75772 kB
DirectMap2M:     4014080 kB


CPU:total 8 (4 cores per cpu, 2 threads per core) family 6 model 42 stepping 7, cmov, cx8, fxsr, mmx, sse, sse2, sse3, ssse3, sse4.1, sse4.2, popcnt, ht

/proc/cpuinfo:
processor	: 0
vendor_id	: GenuineIntel
cpu family	: 6
model		: 42
model name	: Intel(R) Core(TM) i7-2670QM CPU @ 2.20GHz
stepping	: 7
microcode	: 0x23
cpu MHz		: 800.000
cache size	: 6144 KB
physical id	: 0
siblings	: 8
core id		: 0
cpu cores	: 4
apicid		: 0
initial apicid	: 0
fpu		: yes
fpu_exception	: yes
cpuid level	: 13
wp		: yes
flags		: fpu vme de pse tsc msr pae mce cx8 apic sep mtrr pge mca cmov pat pse36 clflush dts acpi mmx fxsr sse sse2 ss ht tm pbe syscall nx rdtscp lm constant_tsc arch_perfmon pebs bts nopl xtopology nonstop_tsc aperfmperf eagerfpu pni pclmulqdq dtes64 monitor ds_cpl vmx est tm2 ssse3 cx16 xtpr pdcm pcid sse4_1 sse4_2 x2apic popcnt tsc_deadline_timer aes xsave avx lahf_lm ida arat epb xsaveopt pln pts dtherm tpr_shadow vnmi flexpriority ept vpid
bogomips	: 4390.45
clflush size	: 64
cache_alignment	: 64
address sizes	: 36 bits physical, 48 bits virtual
power management:

processor	: 1
vendor_id	: GenuineIntel
cpu family	: 6
model		: 42
model name	: Intel(R) Core(TM) i7-2670QM CPU @ 2.20GHz
stepping	: 7
microcode	: 0x23
cpu MHz		: 800.000
cache size	: 6144 KB
physical id	: 0
siblings	: 8
core id		: 0
cpu cores	: 4
apicid		: 1
initial apicid	: 1
fpu		: yes
fpu_exception	: yes
cpuid level	: 13
wp		: yes
flags		: fpu vme de pse tsc msr pae mce cx8 apic sep mtrr pge mca cmov pat pse36 clflush dts acpi mmx fxsr sse sse2 ss ht tm pbe syscall nx rdtscp lm constant_tsc arch_perfmon pebs bts nopl xtopology nonstop_tsc aperfmperf eagerfpu pni pclmulqdq dtes64 monitor ds_cpl vmx est tm2 ssse3 cx16 xtpr pdcm pcid sse4_1 sse4_2 x2apic popcnt tsc_deadline_timer aes xsave avx lahf_lm ida arat epb xsaveopt pln pts dtherm tpr_shadow vnmi flexpriority ept vpid
bogomips	: 4390.45
clflush size	: 64
cache_alignment	: 64
address sizes	: 36 bits physical, 48 bits virtual
power management:

processor	: 2
vendor_id	: GenuineIntel
cpu family	: 6
model		: 42
model name	: Intel(R) Core(TM) i7-2670QM CPU @ 2.20GHz
stepping	: 7
microcode	: 0x23
cpu MHz		: 800.000
cache size	: 6144 KB
physical id	: 0
siblings	: 8
core id		: 1
cpu cores	: 4
apicid		: 2
initial apicid	: 2
fpu		: yes
fpu_exception	: yes
cpuid level	: 13
wp		: yes
flags		: fpu vme de pse tsc msr pae mce cx8 apic sep mtrr pge mca cmov pat pse36 clflush dts acpi mmx fxsr sse sse2 ss ht tm pbe syscall nx rdtscp lm constant_tsc arch_perfmon pebs bts nopl xtopology nonstop_tsc aperfmperf eagerfpu pni pclmulqdq dtes64 monitor ds_cpl vmx est tm2 ssse3 cx16 xtpr pdcm pcid sse4_1 sse4_2 x2apic popcnt tsc_deadline_timer aes xsave avx lahf_lm ida arat epb xsaveopt pln pts dtherm tpr_shadow vnmi flexpriority ept vpid
bogomips	: 4390.45
clflush size	: 64
cache_alignment	: 64
address sizes	: 36 bits physical, 48 bits virtual
power management:

processor	: 3
vendor_id	: GenuineIntel
cpu family	: 6
model		: 42
model name	: Intel(R) Core(TM) i7-2670QM CPU @ 2.20GHz
stepping	: 7
microcode	: 0x23
cpu MHz		: 800.000
cache size	: 6144 KB
physical id	: 0
siblings	: 8
core id		: 1
cpu cores	: 4
apicid		: 3
initial apicid	: 3
fpu		: yes
fpu_exception	: yes
cpuid level	: 13
wp		: yes
flags		: fpu vme de pse tsc msr pae mce cx8 apic sep mtrr pge mca cmov pat pse36 clflush dts acpi mmx fxsr sse sse2 ss ht tm pbe syscall nx rdtscp lm constant_tsc arch_perfmon pebs bts nopl xtopology nonstop_tsc aperfmperf eagerfpu pni pclmulqdq dtes64 monitor ds_cpl vmx est tm2 ssse3 cx16 xtpr pdcm pcid sse4_1 sse4_2 x2apic popcnt tsc_deadline_timer aes xsave avx lahf_lm ida arat epb xsaveopt pln pts dtherm tpr_shadow vnmi flexpriority ept vpid
bogomips	: 4390.45
clflush size	: 64
cache_alignment	: 64
address sizes	: 36 bits physical, 48 bits virtual
power management:

processor	: 4
vendor_id	: GenuineIntel
cpu family	: 6
model		: 42
model name	: Intel(R) Core(TM) i7-2670QM CPU @ 2.20GHz
stepping	: 7
microcode	: 0x23
cpu MHz		: 800.000
cache size	: 6144 KB
physical id	: 0
siblings	: 8
core id		: 2
cpu cores	: 4
apicid		: 4
initial apicid	: 4
fpu		: yes
fpu_exception	: yes
cpuid level	: 13
wp		: yes
flags		: fpu vme de pse tsc msr pae mce cx8 apic sep mtrr pge mca cmov pat pse36 clflush dts acpi mmx fxsr sse sse2 ss ht tm pbe syscall nx rdtscp lm constant_tsc arch_perfmon pebs bts nopl xtopology nonstop_tsc aperfmperf eagerfpu pni pclmulqdq dtes64 monitor ds_cpl vmx est tm2 ssse3 cx16 xtpr pdcm pcid sse4_1 sse4_2 x2apic popcnt tsc_deadline_timer aes xsave avx lahf_lm ida arat epb xsaveopt pln pts dtherm tpr_shadow vnmi flexpriority ept vpid
bogomips	: 4390.45
clflush size	: 64
cache_alignment	: 64
address sizes	: 36 bits physical, 48 bits virtual
power management:

processor	: 5
vendor_id	: GenuineIntel
cpu family	: 6
model		: 42
model name	: Intel(R) Core(TM) i7-2670QM CPU @ 2.20GHz
stepping	: 7
microcode	: 0x23
cpu MHz		: 800.000
cache size	: 6144 KB
physical id	: 0
siblings	: 8
core id		: 2
cpu cores	: 4
apicid		: 5
initial apicid	: 5
fpu		: yes
fpu_exception	: yes
cpuid level	: 13
wp		: yes
flags		: fpu vme de pse tsc msr pae mce cx8 apic sep mtrr pge mca cmov pat pse36 clflush dts acpi mmx fxsr sse sse2 ss ht tm pbe syscall nx rdtscp lm constant_tsc arch_perfmon pebs bts nopl xtopology nonstop_tsc aperfmperf eagerfpu pni pclmulqdq dtes64 monitor ds_cpl vmx est tm2 ssse3 cx16 xtpr pdcm pcid sse4_1 sse4_2 x2apic popcnt tsc_deadline_timer aes xsave avx lahf_lm ida arat epb xsaveopt pln pts dtherm tpr_shadow vnmi flexpriority ept vpid
bogomips	: 4390.45
clflush size	: 64
cache_alignment	: 64
address sizes	: 36 bits physical, 48 bits virtual
power management:

processor	: 6
vendor_id	: GenuineIntel
cpu family	: 6
model		: 42
model name	: Intel(R) Core(TM) i7-2670QM CPU @ 2.20GHz
stepping	: 7
microcode	: 0x23
cpu MHz		: 2201.000
cache size	: 6144 KB
physical id	: 0
siblings	: 8
core id		: 3
cpu cores	: 4
apicid		: 6
initial apicid	: 6
fpu		: yes
fpu_exception	: yes
cpuid level	: 13
wp		: yes
flags		: fpu vme de pse tsc msr pae mce cx8 apic sep mtrr pge mca cmov pat pse36 clflush dts acpi mmx fxsr sse sse2 ss ht tm pbe syscall nx rdtscp lm constant_tsc arch_perfmon pebs bts nopl xtopology nonstop_tsc aperfmperf eagerfpu pni pclmulqdq dtes64 monitor ds_cpl vmx est tm2 ssse3 cx16 xtpr pdcm pcid sse4_1 sse4_2 x2apic popcnt tsc_deadline_timer aes xsave avx lahf_lm ida arat epb xsaveopt pln pts dtherm tpr_shadow vnmi flexpriority ept vpid
bogomips	: 4390.45
clflush size	: 64
cache_alignment	: 64
address sizes	: 36 bits physical, 48 bits virtual
power management:

processor	: 7
vendor_id	: GenuineIntel
cpu family	: 6
model		: 42
model name	: Intel(R) Core(TM) i7-2670QM CPU @ 2.20GHz
stepping	: 7
microcode	: 0x23
cpu MHz		: 800.000
cache size	: 6144 KB
physical id	: 0
siblings	: 8
core id		: 3
cpu cores	: 4
apicid		: 7
initial apicid	: 7
fpu		: yes
fpu_exception	: yes
cpuid level	: 13
wp		: yes
flags		: fpu vme de pse tsc msr pae mce cx8 apic sep mtrr pge mca cmov pat pse36 clflush dts acpi mmx fxsr sse sse2 ss ht tm pbe syscall nx rdtscp lm constant_tsc arch_perfmon pebs bts nopl xtopology nonstop_tsc aperfmperf eagerfpu pni pclmulqdq dtes64 monitor ds_cpl vmx est tm2 ssse3 cx16 xtpr pdcm pcid sse4_1 sse4_2 x2apic popcnt tsc_deadline_timer aes xsave avx lahf_lm ida arat epb xsaveopt pln pts dtherm tpr_shadow vnmi flexpriority ept vpid
bogomips	: 4390.45
clflush size	: 64
cache_alignment	: 64
address sizes	: 36 bits physical, 48 bits virtual
power management:



Memory: 4k page, physical 3940264k(162660k free), swap 4080636k(4017128k free)

vm_info: Java HotSpot(TM) 64-Bit Server VM (20.6-b01) for linux-amd64 JRE (1.6.0_31-b04), built on Jan 20 2012 10:18:50 by "java_re" with gcc 3.2.2 (SuSE Linux)

time: Sat Apr 27 16:30:09 2013
elapsed time: 1 seconds

