#
# A fatal error has been detected by the Java Runtime Environment:
#
#  SIGSEGV (0xb) at pc=0x00007f49f3c1c400, pid=17153, tid=139957187311424
#
# JRE version: 6.0_31-b04
# Java VM: Java HotSpot(TM) 64-Bit Server VM (20.6-b01 mixed mode linux-amd64 compressed oops)
# Problematic frame:
# C  [libdricore9.1.1.so.1+0x1eb400]  __float128+0x100
#
# If you would like to submit a bug report, please visit:
#   http://java.sun.com/webapps/bugreport/crash.jsp
#

---------------  T H R E A D  ---------------

Current thread is native thread

siginfo:si_signo=SIGSEGV: si_errno=0, si_code=1 (SEGV_MAPERR), si_addr=0x000000003f800020

Registers:
RAX=0x00007f49e894e080, RBX=0x00007f49e894de10, RCX=0x00007f49e8000040, RDX=0x00007f49e894dcd0
RSP=0x00007fff0be78ff0, RBP=0x00007f4a521df6a8, RSI=0x0000000000000003, RDI=0x000000003f800000
R8 =0x0000000000000000, R9 =0x00007f4a50f0d700, R10=0x00007fff0be78df0, R11=0x00007f4a2a951130
R12=0x0000000000000001, R13=0x00007f4a521e0e80, R14=0x0000000000000000, R15=0x0000000000000000
RIP=0x00007f49f3c1c400, EFLAGS=0x0000000000010206, CSGSFS=0x0000000000000033, ERR=0x0000000000000004
  TRAPNO=0x000000000000000e

Top of Stack: (sp=0x00007fff0be78ff0)
0x00007fff0be78ff0:   00007f49e880a850 00007f49f3c1c40d
0x00007fff0be79000:   00007f49e880a7b0 00007f49f3c1c425
0x00007fff0be79010:   00007f49e880a680 00007f49f3c1c40d
0x00007fff0be79020:   00007f49e880a640 00007f49f3c1c40d
0x00007fff0be79030:   0000000000000000 00007f49f3c6d8c0
0x00007fff0be79040:   0000000000000000 00007f49f3c2b539
0x00007fff0be79050:   0000000000000000 00007f4a51e5a121
0x00007fff0be79060:   0000000000000000 0000000000000000
0x00007fff0be79070:   0000000000000000 0000000040001bd0
0x00007fff0be79080:   00007fff0be79170 00007f4a51e5a1a5
0x00007fff0be79090:   0000000000000000 00007f4a51e3feac
0x00007fff0be790a0:   0000000000000000 00007fff0be79178
0x00007fff0be790b0:   0000000500000000 0000000040001ca0
0x00007fff0be790c0:   0000000000000000 e8aced60658b855d
0x00007fff0be790d0:   0000000040001bd0 00007fff0be79170
0x00007fff0be790e0:   0000000000000000 0000000000000000
0x00007fff0be790f0:   1752faaf44cb855d 16384ea79931855d
0x00007fff0be79100:   0000000000000000 0000000000000000
0x00007fff0be79110:   0000000000000000 0000000040001790
0x00007fff0be79120:   00007fff0be79178 0000000000000005
0x00007fff0be79130:   0000000000000000 0000000000000000
0x00007fff0be79140:   0000000040001bd0 00007fff0be79170
0x00007fff0be79150:   0000000000000000 0000000040001bfa
0x00007fff0be79160:   00007fff0be79168 000000000000001c
0x00007fff0be79170:   0000000000000005 00007fff0be7a712
0x00007fff0be79180:   00007fff0be7a73c 00007fff0be7a752
0x00007fff0be79190:   00007fff0be7a75d 00007fff0be7a8b1
0x00007fff0be791a0:   0000000000000000 00007fff0be7a8c1
0x00007fff0be791b0:   00007fff0be7a8d8 00007fff0be7a8e3
0x00007fff0be791c0:   00007fff0be7a8f5 00007fff0be7a90a
0x00007fff0be791d0:   00007fff0be7a927 00007fff0be7a93a
0x00007fff0be791e0:   00007fff0be7a94b 00007fff0be7a962 

Instructions: (pc=0x00007f49f3c1c400)
0x00007f49f3c1c3e0:   97 01 00 00 e8 77 14 e8 ff 0f 1f 80 00 00 00 00
0x00007f49f3c1c3f0:   53 48 89 fb 48 8b 7f 10 48 85 ff 74 19 0f 1f 00
0x00007f49f3c1c400:   48 8b 57 20 48 89 53 10 e8 e3 ff ff ff 48 8b 7b
0x00007f49f3c1c410:   10 48 85 ff 75 ea 48 8b 43 28 48 85 c0 74 06 48 

Register to memory mapping:

RAX=0x00007f49e894e080 is an unknown value
RBX=0x00007f49e894de10 is an unknown value
RCX=0x00007f49e8000040 is an unknown value
RDX=0x00007f49e894dcd0 is an unknown value
RSP=0x00007fff0be78ff0 is an unknown value
RBP=0x00007f4a521df6a8: <offset 0x3c16a8> in /lib/x86_64-linux-gnu/libc.so.6 at 0x00007f4a51e1e000
RSI=0x0000000000000003 is an unknown value
RDI=0x000000003f800000 is an unknown value
R8 =0x0000000000000000 is an unknown value
R9 =0x00007f4a50f0d700 is an unknown value
R10=0x00007fff0be78df0 is an unknown value
R11=0x00007f4a2a951130: _ZNSt13basic_ostreamIwSt11char_traitsIwEE5flushEv+0 in /usr/lib/x86_64-linux-gnu/libstdc++.so.6 at 0x00007f4a2a8ba000
R12=0x0000000000000001 is an unknown value
R13=0x00007f4a521e0e80: <offset 0x3c2e80> in /lib/x86_64-linux-gnu/libc.so.6 at 0x00007f4a51e1e000
R14=0x0000000000000000 is an unknown value
R15=0x0000000000000000 is an unknown value


Stack: [0x00007fff0bd7b000,0x00007fff0be7b000],  sp=0x00007fff0be78ff0,  free space=1015k
Native frames: (J=compiled Java code, j=interpreted, Vv=VM code, C=native code)
C  [libdricore9.1.1.so.1+0x1eb400]  __float128+0x100
C  [libc.so.6+0x3c32a0]  __libc_thread_freeres+0x258130


---------------  P R O C E S S  ---------------

VM state:at safepoint (shutting down)

VM Mutex/Monitor currently owned by a thread:  ([mutex/lock_event])
[0x00007f4a4c004780] Threads_lock - owner thread: 0x00007f4a4c06d000

Heap
 PSYoungGen      total 17920K, used 13899K [0x00000000ebf60000, 0x00000000ed360000, 0x0000000100000000)
  eden space 15360K, 90% used [0x00000000ebf60000,0x00000000eccf2dd0,0x00000000ece60000)
  from space 2560K, 0% used [0x00000000ed0e0000,0x00000000ed0e0000,0x00000000ed360000)
  to   space 2560K, 0% used [0x00000000ece60000,0x00000000ece60000,0x00000000ed0e0000)
 PSOldGen        total 41088K, used 0K [0x00000000c3e00000, 0x00000000c6620000, 0x00000000ebf60000)
  object space 41088K, 0% used [0x00000000c3e00000,0x00000000c3e00000,0x00000000c6620000)
 PSPermGen       total 21248K, used 9459K [0x00000000bec00000, 0x00000000c00c0000, 0x00000000c3e00000)
  object space 21248K, 44% used [0x00000000bec00000,0x00000000bf53ce00,0x00000000c00c0000)

Code Cache  [0x00007f4a49000000, 0x00007f4a49270000, 0x00007f4a4c000000)
 total_blobs=510 nmethods=49 adapters=416 free_code_cache=49691008 largest_free_block=5824

Dynamic libraries:
40000000-40009000 r-xp 00000000 08:06 1973032                            /usr/lib/jvm/java-6-sun-1.6.0.31/jre/bin/java
40108000-4010a000 rwxp 00008000 08:06 1973032                            /usr/lib/jvm/java-6-sun-1.6.0.31/jre/bin/java
40471000-404c1000 rwxp 00000000 00:00 0                                  [heap]
bec00000-c00c0000 rwxp 00000000 00:00 0 
c00c0000-c3e00000 rwxp 00000000 00:00 0 
c3e00000-c6620000 rwxp 00000000 00:00 0 
c6620000-ebf60000 rwxp 00000000 00:00 0 
ebf60000-ed360000 rwxp 00000000 00:00 0 
ed360000-100000000 rwxp 00000000 00:00 0 
7f49dc000000-7f49dc021000 rwxp 00000000 00:00 0 
7f49dc021000-7f49e0000000 ---p 00000000 00:00 0 
7f49e4000000-7f49e4021000 rwxp 00000000 00:00 0 
7f49e4021000-7f49e8000000 ---p 00000000 00:00 0 
7f49e8000000-7f49e89a6000 rwxp 00000000 00:00 0 
7f49e89a6000-7f49ec000000 ---p 00000000 00:00 0 
7f49ec000000-7f49ec021000 rwxp 00000000 00:00 0 
7f49ec021000-7f49f0000000 ---p 00000000 00:00 0 
7f49f249e000-7f49f33de000 rwxp 00000000 00:00 0 
7f49f33de000-7f49f3410000 r-xp 00000000 08:06 1581808                    /usr/lib/x86_64-linux-gnu/libtxc_dxtn_s2tc.so.0.0.0
7f49f3410000-7f49f360f000 ---p 00032000 08:06 1581808                    /usr/lib/x86_64-linux-gnu/libtxc_dxtn_s2tc.so.0.0.0
7f49f360f000-7f49f3610000 r-xp 00031000 08:06 1581808                    /usr/lib/x86_64-linux-gnu/libtxc_dxtn_s2tc.so.0.0.0
7f49f3610000-7f49f3611000 rwxp 00032000 08:06 1581808                    /usr/lib/x86_64-linux-gnu/libtxc_dxtn_s2tc.so.0.0.0
7f49f3611000-7f49f3627000 r-xp 00000000 08:06 12583041                   /lib/x86_64-linux-gnu/libz.so.1.2.7
7f49f3627000-7f49f3826000 ---p 00016000 08:06 12583041                   /lib/x86_64-linux-gnu/libz.so.1.2.7
7f49f3826000-7f49f3827000 r-xp 00015000 08:06 12583041                   /lib/x86_64-linux-gnu/libz.so.1.2.7
7f49f3827000-7f49f3828000 rwxp 00016000 08:06 12583041                   /lib/x86_64-linux-gnu/libz.so.1.2.7
7f49f3828000-7f49f3830000 r-xp 00000000 08:06 1572906                    /usr/lib/x86_64-linux-gnu/libpciaccess.so.0.11.1
7f49f3830000-7f49f3a2f000 ---p 00008000 08:06 1572906                    /usr/lib/x86_64-linux-gnu/libpciaccess.so.0.11.1
7f49f3a2f000-7f49f3a30000 r-xp 00007000 08:06 1572906                    /usr/lib/x86_64-linux-gnu/libpciaccess.so.0.11.1
7f49f3a30000-7f49f3a31000 rwxp 00008000 08:06 1572906                    /usr/lib/x86_64-linux-gnu/libpciaccess.so.0.11.1
7f49f3a31000-7f49f3dce000 r-xp 00000000 08:06 1585973                    /usr/lib/x86_64-linux-gnu/libdricore9.1.1.so.1.0.0
7f49f3dce000-7f49f3fcd000 ---p 0039d000 08:06 1585973                    /usr/lib/x86_64-linux-gnu/libdricore9.1.1.so.1.0.0
7f49f3fcd000-7f49f3fde000 r-xp 0039c000 08:06 1585973                    /usr/lib/x86_64-linux-gnu/libdricore9.1.1.so.1.0.0
7f49f3fde000-7f49f3fe8000 rwxp 003ad000 08:06 1585973                    /usr/lib/x86_64-linux-gnu/libdricore9.1.1.so.1.0.0
7f49f3fe8000-7f49f3fff000 rwxp 00000000 00:00 0 
7f49f8000000-7f49f8021000 rwxp 00000000 00:00 0 
7f49f8021000-7f49fc000000 ---p 00000000 00:00 0 
7f49fc115000-7f49fc134000 r-xp 00000000 08:06 1577826                    /usr/lib/x86_64-linux-gnu/libdrm_intel.so.1.0.0
7f49fc134000-7f49fc333000 ---p 0001f000 08:06 1577826                    /usr/lib/x86_64-linux-gnu/libdrm_intel.so.1.0.0
7f49fc333000-7f49fc334000 r-xp 0001e000 08:06 1577826                    /usr/lib/x86_64-linux-gnu/libdrm_intel.so.1.0.0
7f49fc334000-7f49fc335000 rwxp 0001f000 08:06 1577826                    /usr/lib/x86_64-linux-gnu/libdrm_intel.so.1.0.0
7f49fc335000-7f49fc35b000 r-xp 00000000 08:06 12583689                   /lib/x86_64-linux-gnu/libexpat.so.1.6.0
7f49fc35b000-7f49fc55b000 ---p 00026000 08:06 12583689                   /lib/x86_64-linux-gnu/libexpat.so.1.6.0
7f49fc55b000-7f49fc55d000 r-xp 00026000 08:06 12583689                   /lib/x86_64-linux-gnu/libexpat.so.1.6.0
7f49fc55d000-7f49fc55e000 rwxp 00028000 08:06 12583689                   /lib/x86_64-linux-gnu/libexpat.so.1.6.0
7f49fc55e000-7f49fc61a000 r-xp 00000000 08:06 2004946                    /usr/lib/x86_64-linux-gnu/dri/i965_dri.so
7f49fc61a000-7f49fc81a000 ---p 000bc000 08:06 2004946                    /usr/lib/x86_64-linux-gnu/dri/i965_dri.so
7f49fc81a000-7f49fc81d000 r-xp 000bc000 08:06 2004946                    /usr/lib/x86_64-linux-gnu/dri/i965_dri.so
7f49fc81d000-7f49fc81f000 rwxp 000bf000 08:06 2004946                    /usr/lib/x86_64-linux-gnu/dri/i965_dri.so
7f49fc81f000-7f49fc820000 rwxp 00000000 00:00 0 
7f49fc820000-7f49fc82a000 r-xp 00000000 08:06 1579073                    /usr/lib/x86_64-linux-gnu/libdrm.so.2.4.0
7f49fc82a000-7f49fca29000 ---p 0000a000 08:06 1579073                    /usr/lib/x86_64-linux-gnu/libdrm.so.2.4.0
7f49fca29000-7f49fca2a000 r-xp 00009000 08:06 1579073                    /usr/lib/x86_64-linux-gnu/libdrm.so.2.4.0
7f49fca2a000-7f49fca2b000 rwxp 0000a000 08:06 1579073                    /usr/lib/x86_64-linux-gnu/libdrm.so.2.4.0
7f49fca2b000-7f49fca2e000 r-xp 00000000 08:06 1577065                    /usr/lib/x86_64-linux-gnu/libxcb-dri2.so.0.0.0
7f49fca2e000-7f49fcc2e000 ---p 00003000 08:06 1577065                    /usr/lib/x86_64-linux-gnu/libxcb-dri2.so.0.0.0
7f49fcc2e000-7f49fcc2f000 r-xp 00003000 08:06 1577065                    /usr/lib/x86_64-linux-gnu/libxcb-dri2.so.0.0.0
7f49fcc2f000-7f49fcc30000 rwxp 00004000 08:06 1577065                    /usr/lib/x86_64-linux-gnu/libxcb-dri2.so.0.0.0
7f49fcc30000-7f49fcc45000 r-xp 00000000 08:06 1574164                    /usr/lib/x86_64-linux-gnu/libxcb-glx.so.0.0.0
7f49fcc45000-7f49fce44000 ---p 00015000 08:06 1574164                    /usr/lib/x86_64-linux-gnu/libxcb-glx.so.0.0.0
7f49fce44000-7f49fce46000 r-xp 00014000 08:06 1574164                    /usr/lib/x86_64-linux-gnu/libxcb-glx.so.0.0.0
7f49fce46000-7f49fce47000 rwxp 00016000 08:06 1574164                    /usr/lib/x86_64-linux-gnu/libxcb-glx.so.0.0.0
7f49fce47000-7f49fce48000 r-xp 00000000 08:06 1574128                    /usr/lib/x86_64-linux-gnu/libX11-xcb.so.1.0.0
7f49fce48000-7f49fd047000 ---p 00001000 08:06 1574128                    /usr/lib/x86_64-linux-gnu/libX11-xcb.so.1.0.0
7f49fd047000-7f49fd048000 r-xp 00000000 08:06 1574128                    /usr/lib/x86_64-linux-gnu/libX11-xcb.so.1.0.0
7f49fd048000-7f49fd049000 rwxp 00001000 08:06 1574128                    /usr/lib/x86_64-linux-gnu/libX11-xcb.so.1.0.0
7f49fd049000-7f49fd04b000 r-xp 00000000 08:06 1583826                    /usr/lib/x86_64-linux-gnu/libXdamage.so.1.1.0
7f49fd04b000-7f49fd24a000 ---p 00002000 08:06 1583826                    /usr/lib/x86_64-linux-gnu/libXdamage.so.1.1.0
7f49fd24a000-7f49fd24b000 r-xp 00001000 08:06 1583826                    /usr/lib/x86_64-linux-gnu/libXdamage.so.1.1.0
7f49fd24b000-7f49fd24c000 rwxp 00002000 08:06 1583826                    /usr/lib/x86_64-linux-gnu/libXdamage.so.1.1.0
7f49fd24c000-7f49fd26d000 r-xp 00000000 08:06 1575266                    /usr/lib/x86_64-linux-gnu/libglapi.so.0.0.0
7f49fd26d000-7f49fd46d000 ---p 00021000 08:06 1575266                    /usr/lib/x86_64-linux-gnu/libglapi.so.0.0.0
7f49fd46d000-7f49fd470000 r-xp 00021000 08:06 1575266                    /usr/lib/x86_64-linux-gnu/libglapi.so.0.0.0
7f49fd470000-7f49fd471000 rwxp 00024000 08:06 1575266                    /usr/lib/x86_64-linux-gnu/libglapi.so.0.0.0
7f49fd471000-7f49fd472000 rwxp 00000000 00:00 0 
7f49fd472000-7f49fd4cd000 r-xp 00000000 08:06 1968574                    /usr/lib/x86_64-linux-gnu/mesa/libGL.so.1.2.0
7f49fd4cd000-7f49fd6cd000 ---p 0005b000 08:06 1968574                    /usr/lib/x86_64-linux-gnu/mesa/libGL.so.1.2.0
7f49fd6cd000-7f49fd6cf000 r-xp 0005b000 08:06 1968574                    /usr/lib/x86_64-linux-gnu/mesa/libGL.so.1.2.0
7f49fd6cf000-7f49fd6d0000 rwxp 0005d000 08:06 1968574                    /usr/lib/x86_64-linux-gnu/mesa/libGL.so.1.2.0
7f49fd6d0000-7f49fd6d1000 rwxp 00000000 00:00 0 
7f49fd6d1000-7f49fd6d4000 ---p 00000000 00:00 0 
7f49fd6d4000-7f49fd7d2000 rwxp 00000000 00:00 0 
7f49fd7d2000-7f49fd7d5000 ---p 00000000 00:00 0 
7f49fd7d5000-7f49fd8d3000 rwxp 00000000 00:00 0 
7f49fd8d3000-7f49fd8d4000 ---p 00000000 00:00 0 
7f49fd8d4000-7f49fe0d4000 rwxp 00000000 00:00 0 
7f49fe0d4000-7f49fe0ea000 r-xp 00000000 08:06 12583962                   /lib/x86_64-linux-gnu/libresolv-2.17.so
7f49fe0ea000-7f49fe2ea000 ---p 00016000 08:06 12583962                   /lib/x86_64-linux-gnu/libresolv-2.17.so
7f49fe2ea000-7f49fe2eb000 r-xp 00016000 08:06 12583962                   /lib/x86_64-linux-gnu/libresolv-2.17.so
7f49fe2eb000-7f49fe2ec000 rwxp 00017000 08:06 12583962                   /lib/x86_64-linux-gnu/libresolv-2.17.so
7f49fe2ec000-7f49fe2ee000 rwxp 00000000 00:00 0 
7f49fe2ee000-7f49fe2f4000 r-xp 00000000 08:06 1576167                    /usr/lib/x86_64-linux-gnu/libogg.so.0.8.0
7f49fe2f4000-7f49fe4f3000 ---p 00006000 08:06 1576167                    /usr/lib/x86_64-linux-gnu/libogg.so.0.8.0
7f49fe4f3000-7f49fe4f4000 r-xp 00005000 08:06 1576167                    /usr/lib/x86_64-linux-gnu/libogg.so.0.8.0
7f49fe4f4000-7f49fe4f5000 rwxp 00006000 08:06 1576167                    /usr/lib/x86_64-linux-gnu/libogg.so.0.8.0
7f49fe4f5000-7f49fe520000 r-xp 00000000 08:06 1576231                    /usr/lib/x86_64-linux-gnu/libvorbis.so.0.4.5
7f49fe520000-7f49fe720000 ---p 0002b000 08:06 1576231                    /usr/lib/x86_64-linux-gnu/libvorbis.so.0.4.5
7f49fe720000-7f49fe721000 r-xp 0002b000 08:06 1576231                    /usr/lib/x86_64-linux-gnu/libvorbis.so.0.4.5
7f49fe721000-7f49fe722000 rwxp 0002c000 08:06 1576231                    /usr/lib/x86_64-linux-gnu/libvorbis.so.0.4.5
7f49fe722000-7f49fe9d5000 r-xp 00000000 08:06 1576263                    /usr/lib/x86_64-linux-gnu/libvorbisenc.so.2.0.8
7f49fe9d5000-7f49febd4000 ---p 002b3000 08:06 1576263                    /usr/lib/x86_64-linux-gnu/libvorbisenc.so.2.0.8
7f49febd4000-7f49febf0000 r-xp 002b2000 08:06 1576263                    /usr/lib/x86_64-linux-gnu/libvorbisenc.so.2.0.8
7f49febf0000-7f49febf1000 rwxp 002ce000 08:06 1576263                    /usr/lib/x86_64-linux-gnu/libvorbisenc.so.2.0.8
7f49febf1000-7f49fec3b000 r-xp 00000000 08:06 1579742                    /usr/lib/x86_64-linux-gnu/libFLAC.so.8.2.0
7f49fec3b000-7f49fee3b000 ---p 0004a000 08:06 1579742                    /usr/lib/x86_64-linux-gnu/libFLAC.so.8.2.0
7f49fee3b000-7f49fee3c000 r-xp 0004a000 08:06 1579742                    /usr/lib/x86_64-linux-gnu/libFLAC.so.8.2.0
7f49fee3c000-7f49fee3d000 rwxp 0004b000 08:06 1579742                    /usr/lib/x86_64-linux-gnu/libFLAC.so.8.2.0
7f49fee3d000-7f49fee42000 r-xp 00000000 08:06 1575746                    /usr/lib/x86_64-linux-gnu/libasyncns.so.0.3.1
7f49fee42000-7f49ff041000 ---p 00005000 08:06 1575746                    /usr/lib/x86_64-linux-gnu/libasyncns.so.0.3.1
7f49ff041000-7f49ff042000 r-xp 00004000 08:06 1575746                    /usr/lib/x86_64-linux-gnu/libasyncns.so.0.3.1
7f49ff042000-7f49ff043000 rwxp 00005000 08:06 1575746                    /usr/lib/x86_64-linux-gnu/libasyncns.so.0.3.1
7f49ff043000-7f49ff0a2000 r-xp 00000000 08:06 1576268                    /usr/lib/x86_64-linux-gnu/libsndfile.so.1.0.25
7f49ff0a2000-7f49ff2a2000 ---p 0005f000 08:06 1576268                    /usr/lib/x86_64-linux-gnu/libsndfile.so.1.0.25
7f49ff2a2000-7f49ff2a4000 r-xp 0005f000 08:06 1576268                    /usr/lib/x86_64-linux-gnu/libsndfile.so.1.0.25
7f49ff2a4000-7f49ff2a5000 rwxp 00061000 08:06 1576268                    /usr/lib/x86_64-linux-gnu/libsndfile.so.1.0.25
7f49ff2a5000-7f49ff2a9000 rwxp 00000000 00:00 0 
7f49ff2a9000-7f49ff2b1000 r-xp 00000000 08:06 12583895                   /lib/x86_64-linux-gnu/libwrap.so.0.7.6
7f49ff2b1000-7f49ff4b1000 ---p 00008000 08:06 12583895                   /lib/x86_64-linux-gnu/libwrap.so.0.7.6
7f49ff4b1000-7f49ff4b2000 r-xp 00008000 08:06 12583895                   /lib/x86_64-linux-gnu/libwrap.so.0.7.6
7f49ff4b2000-7f49ff4b3000 rwxp 00009000 08:06 12583895                   /lib/x86_64-linux-gnu/libwrap.so.0.7.6
7f49ff4b3000-7f49ff4f6000 r-xp 00000000 08:06 12583792                   /lib/x86_64-linux-gnu/libdbus-1.so.3.7.2
7f49ff4f6000-7f49ff6f5000 ---p 00043000 08:06 12583792                   /lib/x86_64-linux-gnu/libdbus-1.so.3.7.2
7f49ff6f5000-7f49ff6f6000 r-xp 00042000 08:06 12583792                   /lib/x86_64-linux-gnu/libdbus-1.so.3.7.2
7f49ff6f6000-7f49ff6f7000 rwxp 00043000 08:06 12583792                   /lib/x86_64-linux-gnu/libdbus-1.so.3.7.2
7f49ff6f7000-7f49ff759000 r-xp 00000000 08:06 7083651                    /usr/lib/x86_64-linux-gnu/pulseaudio/libpulsecommon-3.0.so
7f49ff759000-7f49ff958000 ---p 00062000 08:06 7083651                    /usr/lib/x86_64-linux-gnu/pulseaudio/libpulsecommon-3.0.so
7f49ff958000-7f49ff959000 r-xp 00061000 08:06 7083651                    /usr/lib/x86_64-linux-gnu/pulseaudio/libpulsecommon-3.0.so
7f49ff959000-7f49ff95a000 rwxp 00062000 08:06 7083651                    /usr/lib/x86_64-linux-gnu/pulseaudio/libpulsecommon-3.0.so
7f49ff95a000-7f49ff962000 r-xp 00000000 08:06 12592711                   /lib/x86_64-linux-gnu/libjson.so.0.1.0
7f49ff962000-7f49ffb61000 ---p 00008000 08:06 12592711                   /lib/x86_64-linux-gnu/libjson.so.0.1.0
7f49ffb61000-7f49ffb62000 r-xp 00007000 08:06 12592711                   /lib/x86_64-linux-gnu/libjson.so.0.1.0
7f49ffb62000-7f49ffb63000 rwxp 00008000 08:06 12592711                   /lib/x86_64-linux-gnu/libjson.so.0.1.0
7f49ffb63000-7f49ffbaa000 r-xp 00000000 08:06 1583214                    /usr/lib/x86_64-linux-gnu/libpulse.so.0.15.3
7f49ffbaa000-7f49ffda9000 ---p 00047000 08:06 1583214                    /usr/lib/x86_64-linux-gnu/libpulse.so.0.15.3
7f49ffda9000-7f49ffdaa000 r-xp 00046000 08:06 1583214                    /usr/lib/x86_64-linux-gnu/libpulse.so.0.15.3
7f49ffdaa000-7f49ffdab000 rwxp 00047000 08:06 1583214                    /usr/lib/x86_64-linux-gnu/libpulse.so.0.15.3
7f4a00000000-7f4a00021000 rwxp 00000000 00:00 0 
7f4a00021000-7f4a04000000 ---p 00000000 00:00 0 
7f4a04000000-7f4a04021000 rwxp 00000000 00:00 0 
7f4a04021000-7f4a08000000 ---p 00000000 00:00 0 
7f4a08000000-7f4a0835c000 rwxp 00000000 00:00 0 
7f4a0835c000-7f4a0c000000 ---p 00000000 00:00 0 
7f4a0c000000-7f4a0c021000 rwxp 00000000 00:00 0 
7f4a0c021000-7f4a10000000 ---p 00000000 00:00 0 
7f4a10000000-7f4a10021000 rwxp 00000000 00:00 0 
7f4a10021000-7f4a14000000 ---p 00000000 00:00 0 
7f4a14000000-7f4a14310000 rwxp 00000000 00:00 0 
7f4a14310000-7f4a18000000 ---p 00000000 00:00 0 
7f4a18000000-7f4a18021000 rwxp 00000000 00:00 0 
7f4a18021000-7f4a1c000000 ---p 00000000 00:00 0 
7f4a1c000000-7f4a1c021000 rwxp 00000000 00:00 0 
7f4a1c021000-7f4a20000000 ---p 00000000 00:00 0 
7f4a20000000-7f4a20021000 rwxp 00000000 00:00 0 
7f4a20021000-7f4a24000000 ---p 00000000 00:00 0 
7f4a24000000-7f4a24021000 rwxp 00000000 00:00 0 
7f4a24021000-7f4a28000000 ---p 00000000 00:00 0 
7f4a28005000-7f4a28079000 rwxp 00000000 00:00 0 
7f4a28079000-7f4a2807c000 ---p 00000000 00:00 0 
7f4a2807c000-7f4a2817a000 rwxp 00000000 00:00 0 
7f4a2817a000-7f4a2817e000 r-xp 00000000 08:06 1577381                    /usr/lib/x86_64-linux-gnu/libXxf86vm.so.1.0.0
7f4a2817e000-7f4a2837e000 ---p 00004000 08:06 1577381                    /usr/lib/x86_64-linux-gnu/libXxf86vm.so.1.0.0
7f4a2837e000-7f4a2837f000 r-xp 00004000 08:06 1577381                    /usr/lib/x86_64-linux-gnu/libXxf86vm.so.1.0.0
7f4a2837f000-7f4a28380000 rwxp 00005000 08:06 1577381                    /usr/lib/x86_64-linux-gnu/libXxf86vm.so.1.0.0
7f4a28380000-7f4a28389000 r-xp 00000000 08:06 1576326                    /usr/lib/x86_64-linux-gnu/libXrandr.so.2.2.0
7f4a28389000-7f4a28588000 ---p 00009000 08:06 1576326                    /usr/lib/x86_64-linux-gnu/libXrandr.so.2.2.0
7f4a28588000-7f4a28589000 r-xp 00008000 08:06 1576326                    /usr/lib/x86_64-linux-gnu/libXrandr.so.2.2.0
7f4a28589000-7f4a2858a000 rwxp 00009000 08:06 1576326                    /usr/lib/x86_64-linux-gnu/libXrandr.so.2.2.0
7f4a2858a000-7f4a285f4000 r-xp 00000000 08:06 6554601                    /tmp/libgdxbompo/2789134151/liblwjgl64.so
7f4a285f4000-7f4a287f4000 ---p 0006a000 08:06 6554601                    /tmp/libgdxbompo/2789134151/liblwjgl64.so
7f4a287f4000-7f4a287f6000 r-xp 0006a000 08:06 6554601                    /tmp/libgdxbompo/2789134151/liblwjgl64.so
7f4a287f6000-7f4a287f7000 rwxp 0006c000 08:06 6554601                    /tmp/libgdxbompo/2789134151/liblwjgl64.so
7f4a287f7000-7f4a287f8000 r-xs 00000000 08:06 4737784                    /var/cache/fontconfig/c05880de57d1f5e948fdfacc138775d9-le64.cache-3
7f4a287f8000-7f4a28801000 r-xs 00000000 08:06 4721853                    /var/cache/fontconfig/945677eb7aeaf62f1d50efc3fb3ec7d8-le64.cache-3
7f4a28801000-7f4a28803000 r-xs 00000000 08:06 4719907                    /var/cache/fontconfig/99e8ed0e538f840c565b6ed5dad60d56-le64.cache-3
7f4a28803000-7f4a2880b000 r-xs 00000000 08:06 4741005                    /var/cache/fontconfig/a6d8cf8e4ec09cdbc8633c31745a07dd-le64.cache-3
7f4a2880b000-7f4a28810000 r-xs 00000000 08:06 4737669                    /var/cache/fontconfig/2cd17615ca594fa2959ae173292e504c-le64.cache-3
7f4a28810000-7f4a28811000 r-xs 00000000 08:06 4737661                    /var/cache/fontconfig/e7071f4a29fa870f4323321c154eba04-le64.cache-3
7f4a28811000-7f4a28812000 r-xs 00000000 08:06 4731329                    /var/cache/fontconfig/617957603a337376ca8784972c6029f5-le64.cache-3
7f4a28812000-7f4a28817000 r-xs 00000000 08:06 4719754                    /var/cache/fontconfig/6eb3985aa4124903f6ff08ba781cd364-le64.cache-3
7f4a28817000-7f4a28818000 r-xs 00000000 08:06 4730959                    /var/cache/fontconfig/0d8c3b2ac0904cb8a57a757ad11a4a08-le64.cache-3
7f4a28818000-7f4a2881e000 r-xs 00000000 08:06 4730943                    /var/cache/fontconfig/a755afe4a08bf5b97852ceb7400b47bc-le64.cache-3
7f4a2881e000-7f4a28827000 r-xs 00000000 08:06 4730919                    /var/cache/fontconfig/6d41288fd70b0be22e8c3a91e032eec0-le64.cache-3
7f4a28827000-7f4a28837000 r-xs 00000000 08:06 4740852                    /var/cache/fontconfig/04aabc0a78ac019cf9454389977116d2-le64.cache-3
7f4a28837000-7f4a28838000 r-xs 00000000 08:06 4730737                    /var/cache/fontconfig/1ac9eb803944fde146138c791f5cc56a-le64.cache-3
7f4a28838000-7f4a28839000 r-xs 00000000 08:06 4730735                    /var/cache/fontconfig/b95bc8ffbebda2bbdae4265e45b8178d-le64.cache-3
7f4a28839000-7f4a2883c000 r-xs 00000000 08:06 4745445                    /var/cache/fontconfig/385c0604a188198f04d133e54aba7fe7-le64.cache-3
7f4a2883c000-7f4a2883d000 r-xs 00000000 08:06 4730641                    /var/cache/fontconfig/9c956a7723ca69a44b382d9179c9802f-le64.cache-3
7f4a2883d000-7f4a2883e000 r-xs 00000000 08:06 4730640                    /var/cache/fontconfig/dc05db6664285cc2f12bf69c139ae4c3-le64.cache-3
7f4a2883e000-7f4a2883f000 r-xs 00000000 08:06 4730612                    /var/cache/fontconfig/5d1cca7074f29429a8d18692746c2426-le64.cache-3
7f4a2883f000-7f4a28841000 r-xs 00000000 08:06 4730576                    /var/cache/fontconfig/767a8244fc0220cfb567a839d0392e0b-le64.cache-3
7f4a28841000-7f4a28842000 r-xs 00000000 08:06 4745104                    /var/cache/fontconfig/4794a0821666d79190d59a36cb4f44b5-le64.cache-3
7f4a28842000-7f4a28844000 r-xs 00000000 08:06 4730559                    /var/cache/fontconfig/bf2c1853a9e9b00bb02fe2e9bcf1e201-le64.cache-3
7f4a28844000-7f4a28847000 r-xs 00000000 08:06 4745471                    /var/cache/fontconfig/8801497958630a81b71ace7c5f9b32a8-le64.cache-3
7f4a28917000-7f4a28918000 r-xp 00000000 08:06 1972943                    /usr/lib/jvm/java-6-sun-1.6.0.31/jre/lib/amd64/libjawt.so
7f4a28918000-7f4a28a17000 ---p 00001000 08:06 1972943                    /usr/lib/jvm/java-6-sun-1.6.0.31/jre/lib/amd64/libjawt.so
7f4a28a17000-7f4a28a18000 rwxp 00000000 08:06 1972943                    /usr/lib/jvm/java-6-sun-1.6.0.31/jre/lib/amd64/libjawt.so
7f4a28a18000-7f4a28a1b000 ---p 00000000 00:00 0 
7f4a28a1b000-7f4a28b19000 rwxp 00000000 00:00 0                          [stack:17177]
7f4a28b19000-7f4a28b1e000 r-xp 00000000 08:06 1574502                    /usr/lib/x86_64-linux-gnu/libXfixes.so.3.1.0
7f4a28b1e000-7f4a28d1d000 ---p 00005000 08:06 1574502                    /usr/lib/x86_64-linux-gnu/libXfixes.so.3.1.0
7f4a28d1d000-7f4a28d1e000 r-xp 00004000 08:06 1574502                    /usr/lib/x86_64-linux-gnu/libXfixes.so.3.1.0
7f4a28d1e000-7f4a28d1f000 rwxp 00005000 08:06 1574502                    /usr/lib/x86_64-linux-gnu/libXfixes.so.3.1.0
7f4a28d1f000-7f4a28d28000 r-xp 00000000 08:06 1576135                    /usr/lib/x86_64-linux-gnu/libXrender.so.1.3.0
7f4a28d28000-7f4a28f27000 ---p 00009000 08:06 1576135                    /usr/lib/x86_64-linux-gnu/libXrender.so.1.3.0
7f4a28f27000-7f4a28f28000 r-xp 00008000 08:06 1576135                    /usr/lib/x86_64-linux-gnu/libXrender.so.1.3.0
7f4a28f28000-7f4a28f29000 rwxp 00009000 08:06 1576135                    /usr/lib/x86_64-linux-gnu/libXrender.so.1.3.0
7f4a28f29000-7f4a28f32000 r-xp 00000000 08:06 1584342                    /usr/lib/x86_64-linux-gnu/libXcursor.so.1.0.2
7f4a28f32000-7f4a29132000 ---p 00009000 08:06 1584342                    /usr/lib/x86_64-linux-gnu/libXcursor.so.1.0.2
7f4a29132000-7f4a29133000 r-xp 00009000 08:06 1584342                    /usr/lib/x86_64-linux-gnu/libXcursor.so.1.0.2
7f4a29133000-7f4a29134000 rwxp 0000a000 08:06 1584342                    /usr/lib/x86_64-linux-gnu/libXcursor.so.1.0.2
7f4a29154000-7f4a29155000 rwxs 00000000 00:04 168984                     /drm mm object (deleted)
7f4a29155000-7f4a29156000 rwxs 00000000 00:04 168978                     /drm mm object (deleted)
7f4a29156000-7f4a29157000 rwxp 00000000 00:00 0 
7f4a29157000-7f4a2915e000 r-xs 00000000 08:06 2003412                    /usr/lib/x86_64-linux-gnu/gconv/gconv-modules.cache
7f4a2915e000-7f4a29161000 ---p 00000000 00:00 0 
7f4a29161000-7f4a2925f000 rwxp 00000000 00:00 0                          [stack:17175]
7f4a2925f000-7f4a292d8000 r-xp 00000000 08:06 1972968                    /usr/lib/jvm/java-6-sun-1.6.0.31/jre/lib/amd64/libfontmanager.so
7f4a292d8000-7f4a293d7000 ---p 00079000 08:06 1972968                    /usr/lib/jvm/java-6-sun-1.6.0.31/jre/lib/amd64/libfontmanager.so
7f4a293d7000-7f4a293ec000 rwxp 00078000 08:06 1972968                    /usr/lib/jvm/java-6-sun-1.6.0.31/jre/lib/amd64/libfontmanager.so
7f4a293ec000-7f4a293fe000 rwxp 00000000 00:00 0 
7f4a293fe000-7f4a29403000 r-xp 00000000 08:06 1575148                    /usr/lib/x86_64-linux-gnu/libXdmcp.so.6.0.0
7f4a29403000-7f4a29602000 ---p 00005000 08:06 1575148                    /usr/lib/x86_64-linux-gnu/libXdmcp.so.6.0.0
7f4a29602000-7f4a29603000 r-xp 00004000 08:06 1575148                    /usr/lib/x86_64-linux-gnu/libXdmcp.so.6.0.0
7f4a29603000-7f4a29604000 rwxp 00005000 08:06 1575148                    /usr/lib/x86_64-linux-gnu/libXdmcp.so.6.0.0
7f4a29604000-7f4a29606000 r-xp 00000000 08:06 1575339                    /usr/lib/x86_64-linux-gnu/libXau.so.6.0.0
7f4a29606000-7f4a29806000 ---p 00002000 08:06 1575339                    /usr/lib/x86_64-linux-gnu/libXau.so.6.0.0
7f4a29806000-7f4a29807000 r-xp 00002000 08:06 1575339                    /usr/lib/x86_64-linux-gnu/libXau.so.6.0.0
7f4a29807000-7f4a29808000 rwxp 00003000 08:06 1575339                    /usr/lib/x86_64-linux-gnu/libXau.so.6.0.0
7f4a29808000-7f4a29825000 r-xp 00000000 08:06 1575224                    /usr/lib/x86_64-linux-gnu/libxcb.so.1.1.0
7f4a29825000-7f4a29a24000 ---p 0001d000 08:06 1575224                    /usr/lib/x86_64-linux-gnu/libxcb.so.1.1.0
7f4a29a24000-7f4a29a25000 r-xp 0001c000 08:06 1575224                    /usr/lib/x86_64-linux-gnu/libxcb.so.1.1.0
7f4a29a25000-7f4a29a26000 rwxp 0001d000 08:06 1575224                    /usr/lib/x86_64-linux-gnu/libxcb.so.1.1.0
7f4a29a26000-7f4a29a34000 r-xp 00000000 08:06 1574498                    /usr/lib/x86_64-linux-gnu/libXi.so.6.1.0
7f4a29a34000-7f4a29c33000 ---p 0000e000 08:06 1574498                    /usr/lib/x86_64-linux-gnu/libXi.so.6.1.0
7f4a29c33000-7f4a29c34000 r-xp 0000d000 08:06 1574498                    /usr/lib/x86_64-linux-gnu/libXi.so.6.1.0
7f4a29c34000-7f4a29c35000 rwxp 0000e000 08:06 1574498                    /usr/lib/x86_64-linux-gnu/libXi.so.6.1.0
7f4a29c35000-7f4a29c3a000 r-xp 00000000 08:06 1573818                    /usr/lib/x86_64-linux-gnu/libXtst.so.6.1.0
7f4a29c3a000-7f4a29e39000 ---p 00005000 08:06 1573818                    /usr/lib/x86_64-linux-gnu/libXtst.so.6.1.0
7f4a29e39000-7f4a29e3a000 r-xp 00004000 08:06 1573818                    /usr/lib/x86_64-linux-gnu/libXtst.so.6.1.0
7f4a29e3a000-7f4a29e3b000 rwxp 00005000 08:06 1573818                    /usr/lib/x86_64-linux-gnu/libXtst.so.6.1.0
7f4a29e3b000-7f4a29f6f000 r-xp 00000000 08:06 1575228                    /usr/lib/x86_64-linux-gnu/libX11.so.6.3.0
7f4a29f6f000-7f4a2a16f000 ---p 00134000 08:06 1575228                    /usr/lib/x86_64-linux-gnu/libX11.so.6.3.0
7f4a2a16f000-7f4a2a170000 r-xp 00134000 08:06 1575228                    /usr/lib/x86_64-linux-gnu/libX11.so.6.3.0
7f4a2a170000-7f4a2a175000 rwxp 00135000 08:06 1575228                    /usr/lib/x86_64-linux-gnu/libX11.so.6.3.0
7f4a2a175000-7f4a2a185000 r-xp 00000000 08:06 1577458                    /usr/lib/x86_64-linux-gnu/libXext.so.6.4.0
7f4a2a185000-7f4a2a385000 ---p 00010000 08:06 1577458                    /usr/lib/x86_64-linux-gnu/libXext.so.6.4.0
7f4a2a385000-7f4a2a386000 r-xp 00010000 08:06 1577458                    /usr/lib/x86_64-linux-gnu/libXext.so.6.4.0
7f4a2a386000-7f4a2a387000 rwxp 00011000 08:06 1577458                    /usr/lib/x86_64-linux-gnu/libXext.so.6.4.0
7f4a2a387000-7f4a2a3c9000 r-xp 00000000 08:06 1972964                    /usr/lib/jvm/java-6-sun-1.6.0.31/jre/lib/amd64/xawt/libmawt.so
7f4a2a3c9000-7f4a2a4c8000 ---p 00042000 08:06 1972964                    /usr/lib/jvm/java-6-sun-1.6.0.31/jre/lib/amd64/xawt/libmawt.so
7f4a2a4c8000-7f4a2a4d4000 rwxp 00041000 08:06 1972964                    /usr/lib/jvm/java-6-sun-1.6.0.31/jre/lib/amd64/xawt/libmawt.so
7f4a2a4d4000-7f4a2a4d5000 rwxp 00000000 00:00 0 
7f4a2a4d5000-7f4a2a567000 r-xp 00000000 08:06 1972986                    /usr/lib/jvm/java-6-sun-1.6.0.31/jre/lib/amd64/libawt.so
7f4a2a567000-7f4a2a666000 ---p 00092000 08:06 1972986                    /usr/lib/jvm/java-6-sun-1.6.0.31/jre/lib/amd64/libawt.so
7f4a2a666000-7f4a2a680000 rwxp 00091000 08:06 1972986                    /usr/lib/jvm/java-6-sun-1.6.0.31/jre/lib/amd64/libawt.so
7f4a2a680000-7f4a2a6a4000 rwxp 00000000 00:00 0 
7f4a2a6a4000-7f4a2a6b8000 r-xp 00000000 08:06 12583030                   /lib/x86_64-linux-gnu/libgcc_s.so.1
7f4a2a6b8000-7f4a2a8b8000 ---p 00014000 08:06 12583030                   /lib/x86_64-linux-gnu/libgcc_s.so.1
7f4a2a8b8000-7f4a2a8b9000 r-xp 00014000 08:06 12583030                   /lib/x86_64-linux-gnu/libgcc_s.so.1
7f4a2a8b9000-7f4a2a8ba000 rwxp 00015000 08:06 12583030                   /lib/x86_64-linux-gnu/libgcc_s.so.1
7f4a2a8ba000-7f4a2a99f000 r-xp 00000000 08:06 1573712                    /usr/lib/x86_64-linux-gnu/libstdc++.so.6.0.17
7f4a2a99f000-7f4a2ab9e000 ---p 000e5000 08:06 1573712                    /usr/lib/x86_64-linux-gnu/libstdc++.so.6.0.17
7f4a2ab9e000-7f4a2aba6000 r-xp 000e4000 08:06 1573712                    /usr/lib/x86_64-linux-gnu/libstdc++.so.6.0.17
7f4a2aba6000-7f4a2aba8000 rwxp 000ec000 08:06 1573712                    /usr/lib/x86_64-linux-gnu/libstdc++.so.6.0.17
7f4a2aba8000-7f4a2abbd000 rwxp 00000000 00:00 0 
7f4a2abbd000-7f4a2ac25000 r-xp 00000000 08:06 6554600                    /tmp/libgdxbompo/1506174322/libgdx64.so
7f4a2ac25000-7f4a2ae24000 ---p 00068000 08:06 6554600                    /tmp/libgdxbompo/1506174322/libgdx64.so
7f4a2ae24000-7f4a2ae26000 r-xp 00067000 08:06 6554600                    /tmp/libgdxbompo/1506174322/libgdx64.so
7f4a2ae26000-7f4a2ae27000 rwxp 00069000 08:06 6554600                    /tmp/libgdxbompo/1506174322/libgdx64.so
7f4a2ae27000-7f4a2ae28000 rwxp 00000000 00:00 0 
7f4a2ae28000-7f4a2ae29000 ---p 00000000 00:00 0 
7f4a2ae29000-7f4a2af29000 rwxp 00000000 00:00 0 
7f4a2af29000-7f4a2af2c000 ---p 00000000 00:00 0 
7f4a2af2c000-7f4a2b02a000 rwxp 00000000 00:00 0                          [stack:17173]
7f4a2b02a000-7f4a2b02d000 ---p 00000000 00:00 0 
7f4a2b02d000-7f4a2b12b000 rwxp 00000000 00:00 0                          [stack:17172]
7f4a2b12b000-7f4a2b12e000 ---p 00000000 00:00 0 
7f4a2b12e000-7f4a2b22c000 rwxp 00000000 00:00 0                          [stack:17171]
7f4a2b22c000-7f4a2b22f000 ---p 00000000 00:00 0 
7f4a2b22f000-7f4a2b32d000 rwxp 00000000 00:00 0                          [stack:17170]
7f4a2b32d000-7f4a2b5f6000 r-xp 00000000 08:06 1577455                    /usr/lib/locale/locale-archive
7f4a2b5f6000-7f4a2b5f9000 ---p 00000000 00:00 0 
7f4a2b5f9000-7f4a2b6f7000 rwxp 00000000 00:00 0                          [stack:17169]
7f4a2b6f7000-7f4a2b6fa000 ---p 00000000 00:00 0 
7f4a2b6fa000-7f4a2b7f8000 rwxp 00000000 00:00 0                          [stack:17168]
7f4a2b7f8000-7f4a2b7f9000 ---p 00000000 00:00 0 
7f4a2b7f9000-7f4a2c000000 rwxp 00000000 00:00 0 
7f4a2c000000-7f4a2c021000 rwxp 00000000 00:00 0 
7f4a2c021000-7f4a30000000 ---p 00000000 00:00 0 
7f4a30000000-7f4a30021000 rwxp 00000000 00:00 0 
7f4a30021000-7f4a34000000 ---p 00000000 00:00 0 
7f4a34000000-7f4a34021000 rwxp 00000000 00:00 0 
7f4a34021000-7f4a38000000 ---p 00000000 00:00 0 
7f4a38000000-7f4a38021000 rwxp 00000000 00:00 0 
7f4a38021000-7f4a3c000000 ---p 00000000 00:00 0 
7f4a3c000000-7f4a3c021000 rwxp 00000000 00:00 0 
7f4a3c021000-7f4a40000000 ---p 00000000 00:00 0 
7f4a40000000-7f4a40021000 rwxp 00000000 00:00 0 
7f4a40021000-7f4a44000000 ---p 00000000 00:00 0 
7f4a44000000-7f4a44021000 rwxp 00000000 00:00 0 
7f4a44021000-7f4a48000000 ---p 00000000 00:00 0 
7f4a48000000-7f4a48001000 r-xs 00000000 08:06 4730567                    /var/cache/fontconfig/9eae20f1ff8cc0a7d125749e875856bd-le64.cache-3
7f4a48001000-7f4a4802f000 r-xs 00000000 08:06 4742622                    /var/cache/fontconfig/365b55f210c0a22e9a19e35191240f32-le64.cache-3
7f4a4802f000-7f4a48034000 r-xs 00000000 08:06 4730548                    /var/cache/fontconfig/3047814df9a2f067bd2d96a2b9c36e5a-le64.cache-3
7f4a48034000-7f4a48035000 r-xs 00000000 08:06 4730547                    /var/cache/fontconfig/56cf4f4769d0f4abc89a4895d7bd3ae1-le64.cache-3
7f4a48035000-7f4a48036000 r-xs 00000000 08:06 4730533                    /var/cache/fontconfig/b9d506c9ac06c20b433354fa67a72993-le64.cache-3
7f4a48036000-7f4a4803b000 r-xs 00000000 08:06 4745437                    /var/cache/fontconfig/b47c4e1ecd0709278f4910c18777a504-le64.cache-3
7f4a4803b000-7f4a4803e000 r-xs 00000000 08:06 4745426                    /var/cache/fontconfig/14d493b97896515cad3840ba4896e372-le64.cache-3
7f4a4803e000-7f4a4803f000 r-xs 00000000 08:06 4730353                    /var/cache/fontconfig/89034621ae2a8922916bb6bfa5799546-le64.cache-3
7f4a4803f000-7f4a48047000 r-xs 00000000 08:06 4745428                    /var/cache/fontconfig/52f7bdb7ce746bfd7eaa1985bd9cfa93-le64.cache-3
7f4a48047000-7f4a4804a000 r-xs 00000000 08:06 4730327                    /var/cache/fontconfig/e49e89034d371f0f9de17aab02136486-le64.cache-3
7f4a4804a000-7f4a4804c000 r-xs 00000000 08:06 4730326                    /var/cache/fontconfig/4b14b093aebc79c320de5e86ae1d3314-le64.cache-3
7f4a4804c000-7f4a4804d000 r-xs 00000000 08:06 4730246                    /var/cache/fontconfig/8aec10f4cc8391dcef22ca549f1e4354-le64.cache-3
7f4a4804d000-7f4a4805e000 r-xs 00000000 08:06 4726127                    /var/cache/fontconfig/d52a8644073d54c13679302ca1180695-le64.cache-3
7f4a4805e000-7f4a48065000 r-xs 00000000 08:06 4745425                    /var/cache/fontconfig/3f7329c5293ffd510edef78f73874cfd-le64.cache-3
7f4a48065000-7f4a48066000 r-xs 00000000 08:06 4729859                    /var/cache/fontconfig/ac2cf712d852da827a87a9baf682f5b9-le64.cache-3
7f4a48066000-7f4a48068000 r-xs 00000000 08:06 4729806                    /var/cache/fontconfig/65f976e5259cbe6dc7697b8648396239-le64.cache-3
7f4a48068000-7f4a48069000 r-xs 00000000 08:06 4729792                    /var/cache/fontconfig/94f7fe9bd33aadfac165873bd010d595-le64.cache-3
7f4a48069000-7f4a4806a000 r-xs 00000000 08:06 4729181                    /var/cache/fontconfig/423767150eb258c59035de29db6fca84-le64.cache-3
7f4a4806a000-7f4a4806b000 r-xs 00000000 08:06 4729180                    /var/cache/fontconfig/845c20fd2c4814bcec78e05d37a63ccc-le64.cache-3
7f4a4806b000-7f4a4806c000 r-xs 00000000 08:06 4727145                    /var/cache/fontconfig/e7de81b01590fb7e12b38e274e17d0db-le64.cache-3
7f4a4806c000-7f4a4806d000 r-xs 00000000 08:06 4725912                    /var/cache/fontconfig/406a1d2d2bf3ed7664fbadefac0b2f66-le64.cache-3
7f4a4806d000-7f4a4806f000 r-xs 00000000 08:06 4725349                    /var/cache/fontconfig/67709b7835c0f764c1135060c9575660-le64.cache-3
7f4a4806f000-7f4a48079000 r-xs 00000000 08:06 4723477                    /var/cache/fontconfig/83bf95040141907cd45bb53cf7c1c148-le64.cache-3
7f4a48079000-7f4a48085000 r-xs 00000000 08:06 4723395                    /var/cache/fontconfig/53d14c92082a93e67d5078324eb314ca-le64.cache-3
7f4a48085000-7f4a48089000 r-xs 00000000 08:06 4745421                    /var/cache/fontconfig/6c08beecf0dac481ec92e759e0c2e6d7-le64.cache-3
7f4a48089000-7f4a4808d000 r-xs 00000000 08:06 4745419                    /var/cache/fontconfig/4d6aee6d44eccb37054d3216e945f618-le64.cache-3
7f4a4808d000-7f4a48091000 r-xs 00000000 08:06 4745420                    /var/cache/fontconfig/d6c6df98c3df5faf9bd0f8ef4d91efe5-le64.cache-3
7f4a48091000-7f4a48095000 r-xs 00000000 08:06 4745417                    /var/cache/fontconfig/9fb319ef52839f11ee26ab8b4cffa12b-le64.cache-3
7f4a48095000-7f4a480a6000 r-xs 00000000 08:06 4722316                    /var/cache/fontconfig/4ac51e5cfbc76fc3f983e470323a16d3-le64.cache-3
7f4a480a6000-7f4a480a8000 r-xs 00000000 08:06 4722298                    /var/cache/fontconfig/c19b55eb3b4c5b40ea175e31682068a5-le64.cache-3
7f4a480a8000-7f4a480c2000 r-xs 00000000 08:06 4745852                    /var/cache/fontconfig/e13b20fdb08344e0e664864cc2ede53d-le64.cache-3
7f4a480c2000-7f4a480da000 r-xs 00000000 08:06 4738113                    /var/cache/fontconfig/467c019e582ee353435ea5c21d137ef6-le64.cache-3
7f4a480da000-7f4a48310000 rwxp 00000000 00:00 0 
7f4a48310000-7f4a484ac000 r-xs 030c2000 08:06 1705226                    /usr/lib/jvm/java-6-sun-1.6.0.31/jre/lib/rt.jar
7f4a484ac000-7f4a484ad000 ---p 00000000 00:00 0 
7f4a484ad000-7f4a485ad000 rwxp 00000000 00:00 0                          [stack:17166]
7f4a485ad000-7f4a485ae000 ---p 00000000 00:00 0 
7f4a485ae000-7f4a486ae000 rwxp 00000000 00:00 0                          [stack:17165]
7f4a486ae000-7f4a486af000 ---p 00000000 00:00 0 
7f4a486af000-7f4a487af000 rwxp 00000000 00:00 0                          [stack:17164]
7f4a487af000-7f4a487b0000 ---p 00000000 00:00 0 
7f4a487b0000-7f4a488b0000 rwxp 00000000 00:00 0                          [stack:17163]
7f4a488b0000-7f4a488b1000 ---p 00000000 00:00 0 
7f4a488b1000-7f4a489b1000 rwxp 00000000 00:00 0                          [stack:17162]
7f4a489b1000-7f4a489b2000 ---p 00000000 00:00 0 
7f4a489b2000-7f4a48ab2000 rwxp 00000000 00:00 0                          [stack:17161]
7f4a48ab2000-7f4a48ab3000 ---p 00000000 00:00 0 
7f4a48ab3000-7f4a48bb3000 rwxp 00000000 00:00 0                          [stack:17160]
7f4a48bb3000-7f4a48bb4000 ---p 00000000 00:00 0 
7f4a48bb4000-7f4a48cc9000 rwxp 00000000 00:00 0                          [stack:17159]
7f4a48cc9000-7f4a48df5000 rwxp 00000000 00:00 0 
7f4a48df5000-7f4a48e00000 rwxp 00000000 00:00 0 
7f4a48e00000-7f4a48e1e000 rwxp 00000000 00:00 0 
7f4a48e1e000-7f4a48e33000 rwxp 00000000 00:00 0 
7f4a48e33000-7f4a48f5e000 rwxp 00000000 00:00 0 
7f4a48f5e000-7f4a48f69000 rwxp 00000000 00:00 0 
7f4a48f69000-7f4a48fff000 rwxp 00000000 00:00 0 
7f4a48fff000-7f4a49270000 rwxp 00000000 00:00 0 
7f4a49270000-7f4a4c272000 rwxp 00000000 00:00 0 
7f4a4c272000-7f4a50000000 ---p 00000000 00:00 0 
7f4a50000000-7f4a5000a000 r-xs 00000000 08:06 4742612                    /var/cache/fontconfig/8f02d4cb045bd6ce15663e43f347c9f8-le64.cache-3
7f4a5000a000-7f4a50012000 r-xs 00000000 08:06 1463921                    /home/bompo/.fontconfig/aa7e4f27e681240d22a1f116cf7520f0-le64.cache-3
7f4a50012000-7f4a50026000 r-xs 0014d000 08:06 1707018                    /home/bompo/workspace_libgdx/ld26-desktop/libs/gdx-backend-lwjgl.jar
7f4a50026000-7f4a50059000 rwxp 00000000 00:00 0 
7f4a50059000-7f4a50077000 rwxp 00000000 00:00 0 
7f4a50077000-7f4a50085000 r-xp 00000000 08:06 1972967                    /usr/lib/jvm/java-6-sun-1.6.0.31/jre/lib/amd64/libzip.so
7f4a50085000-7f4a50187000 ---p 0000e000 08:06 1972967                    /usr/lib/jvm/java-6-sun-1.6.0.31/jre/lib/amd64/libzip.so
7f4a50187000-7f4a5018a000 rwxp 00010000 08:06 1972967                    /usr/lib/jvm/java-6-sun-1.6.0.31/jre/lib/amd64/libzip.so
7f4a5018a000-7f4a5018b000 rwxp 00000000 00:00 0 
7f4a5018b000-7f4a50197000 r-xp 00000000 08:06 12583989                   /lib/x86_64-linux-gnu/libnss_files-2.17.so
7f4a50197000-7f4a50396000 ---p 0000c000 08:06 12583989                   /lib/x86_64-linux-gnu/libnss_files-2.17.so
7f4a50396000-7f4a50397000 r-xp 0000b000 08:06 12583989                   /lib/x86_64-linux-gnu/libnss_files-2.17.so
7f4a50397000-7f4a50398000 rwxp 0000c000 08:06 12583989                   /lib/x86_64-linux-gnu/libnss_files-2.17.so
7f4a50398000-7f4a503a3000 r-xp 00000000 08:06 12583981                   /lib/x86_64-linux-gnu/libnss_nis-2.17.so
7f4a503a3000-7f4a505a2000 ---p 0000b000 08:06 12583981                   /lib/x86_64-linux-gnu/libnss_nis-2.17.so
7f4a505a2000-7f4a505a3000 r-xp 0000a000 08:06 12583981                   /lib/x86_64-linux-gnu/libnss_nis-2.17.so
7f4a505a3000-7f4a505a4000 rwxp 0000b000 08:06 12583981                   /lib/x86_64-linux-gnu/libnss_nis-2.17.so
7f4a505a4000-7f4a505ac000 r-xp 00000000 08:06 12583971                   /lib/x86_64-linux-gnu/libnss_compat-2.17.so
7f4a505ac000-7f4a507ab000 ---p 00008000 08:06 12583971                   /lib/x86_64-linux-gnu/libnss_compat-2.17.so
7f4a507ab000-7f4a507ac000 r-xp 00007000 08:06 12583971                   /lib/x86_64-linux-gnu/libnss_compat-2.17.so
7f4a507ac000-7f4a507ad000 rwxp 00008000 08:06 12583971                   /lib/x86_64-linux-gnu/libnss_compat-2.17.so
7f4a507ad000-7f4a507c4000 r-xp 00000000 08:06 12583949                   /lib/x86_64-linux-gnu/libnsl-2.17.so
7f4a507c4000-7f4a509c3000 ---p 00017000 08:06 12583949                   /lib/x86_64-linux-gnu/libnsl-2.17.so
7f4a509c3000-7f4a509c4000 r-xp 00016000 08:06 12583949                   /lib/x86_64-linux-gnu/libnsl-2.17.so
7f4a509c4000-7f4a509c5000 rwxp 00017000 08:06 12583949                   /lib/x86_64-linux-gnu/libnsl-2.17.so
7f4a509c5000-7f4a509c7000 rwxp 00000000 00:00 0 
7f4a509c7000-7f4a509f0000 r-xp 00000000 08:06 1972990                    /usr/lib/jvm/java-6-sun-1.6.0.31/jre/lib/amd64/libjava.so
7f4a509f0000-7f4a50aef000 ---p 00029000 08:06 1972990                    /usr/lib/jvm/java-6-sun-1.6.0.31/jre/lib/amd64/libjava.so
7f4a50aef000-7f4a50af6000 rwxp 00028000 08:06 1972990                    /usr/lib/jvm/java-6-sun-1.6.0.31/jre/lib/amd64/libjava.so
7f4a50af6000-7f4a50b03000 r-xp 00000000 08:06 1972958                    /usr/lib/jvm/java-6-sun-1.6.0.31/jre/lib/amd64/libverify.so
7f4a50b03000-7f4a50c02000 ---p 0000d000 08:06 1972958                    /usr/lib/jvm/java-6-sun-1.6.0.31/jre/lib/amd64/libverify.so
7f4a50c02000-7f4a50c05000 rwxp 0000c000 08:06 1972958                    /usr/lib/jvm/java-6-sun-1.6.0.31/jre/lib/amd64/libverify.so
7f4a50c05000-7f4a50c0c000 r-xp 00000000 08:06 12582992                   /lib/x86_64-linux-gnu/librt-2.17.so
7f4a50c0c000-7f4a50e0b000 ---p 00007000 08:06 12582992                   /lib/x86_64-linux-gnu/librt-2.17.so
7f4a50e0b000-7f4a50e0c000 r-xp 00006000 08:06 12582992                   /lib/x86_64-linux-gnu/librt-2.17.so
7f4a50e0c000-7f4a50e0d000 rwxp 00007000 08:06 12582992                   /lib/x86_64-linux-gnu/librt-2.17.so
7f4a50e0d000-7f4a50e10000 ---p 00000000 00:00 0 
7f4a50e10000-7f4a50f0e000 rwxp 00000000 00:00 0 
7f4a50f0e000-7f4a51011000 r-xp 00000000 08:06 12583977                   /lib/x86_64-linux-gnu/libm-2.17.so
7f4a51011000-7f4a51211000 ---p 00103000 08:06 12583977                   /lib/x86_64-linux-gnu/libm-2.17.so
7f4a51211000-7f4a51212000 r-xp 00103000 08:06 12583977                   /lib/x86_64-linux-gnu/libm-2.17.so
7f4a51212000-7f4a51213000 rwxp 00104000 08:06 12583977                   /lib/x86_64-linux-gnu/libm-2.17.so
7f4a51213000-7f4a51b2d000 r-xp 00000000 08:06 1972988                    /usr/lib/jvm/java-6-sun-1.6.0.31/jre/lib/amd64/server/libjvm.so
7f4a51b2d000-7f4a51c2f000 ---p 0091a000 08:06 1972988                    /usr/lib/jvm/java-6-sun-1.6.0.31/jre/lib/amd64/server/libjvm.so
7f4a51c2f000-7f4a51de4000 rwxp 0091c000 08:06 1972988                    /usr/lib/jvm/java-6-sun-1.6.0.31/jre/lib/amd64/server/libjvm.so
7f4a51de4000-7f4a51e1e000 rwxp 00000000 00:00 0 
7f4a51e1e000-7f4a51fdc000 r-xp 00000000 08:06 12583965                   /lib/x86_64-linux-gnu/libc-2.17.so
7f4a51fdc000-7f4a521db000 ---p 001be000 08:06 12583965                   /lib/x86_64-linux-gnu/libc-2.17.so
7f4a521db000-7f4a521df000 r-xp 001bd000 08:06 12583965                   /lib/x86_64-linux-gnu/libc-2.17.so
7f4a521df000-7f4a521e1000 rwxp 001c1000 08:06 12583965                   /lib/x86_64-linux-gnu/libc-2.17.so
7f4a521e1000-7f4a521e6000 rwxp 00000000 00:00 0 
7f4a521e6000-7f4a521e9000 r-xp 00000000 08:06 12583967                   /lib/x86_64-linux-gnu/libdl-2.17.so
7f4a521e9000-7f4a523e8000 ---p 00003000 08:06 12583967                   /lib/x86_64-linux-gnu/libdl-2.17.so
7f4a523e8000-7f4a523e9000 r-xp 00002000 08:06 12583967                   /lib/x86_64-linux-gnu/libdl-2.17.so
7f4a523e9000-7f4a523ea000 rwxp 00003000 08:06 12583967                   /lib/x86_64-linux-gnu/libdl-2.17.so
7f4a523ea000-7f4a52402000 r-xp 00000000 08:06 12583975                   /lib/x86_64-linux-gnu/libpthread-2.17.so
7f4a52402000-7f4a52601000 ---p 00018000 08:06 12583975                   /lib/x86_64-linux-gnu/libpthread-2.17.so
7f4a52601000-7f4a52602000 r-xp 00017000 08:06 12583975                   /lib/x86_64-linux-gnu/libpthread-2.17.so
7f4a52602000-7f4a52603000 rwxp 00018000 08:06 12583975                   /lib/x86_64-linux-gnu/libpthread-2.17.so
7f4a52603000-7f4a52607000 rwxp 00000000 00:00 0 
7f4a52607000-7f4a5262a000 r-xp 00000000 08:06 12583958                   /lib/x86_64-linux-gnu/ld-2.17.so
7f4a5262a000-7f4a5262f000 r-xs 00000000 08:06 4725119                    /var/cache/fontconfig/7ef2298fde41cc6eeb7af42e48b7d293-le64.cache-3
7f4a5262f000-7f4a52639000 rwxp 00000000 00:00 0 
7f4a52639000-7f4a526ef000 rwxp 00000000 00:00 0 
7f4a526ef000-7f4a526f2000 rwxp 00000000 00:00 0 
7f4a526f2000-7f4a526f9000 r-xp 00000000 08:06 1972981                    /usr/lib/jvm/java-6-sun-1.6.0.31/jre/lib/amd64/jli/libjli.so
7f4a526f9000-7f4a527fa000 ---p 00007000 08:06 1972981                    /usr/lib/jvm/java-6-sun-1.6.0.31/jre/lib/amd64/jli/libjli.so
7f4a527fa000-7f4a527fc000 rwxp 00008000 08:06 1972981                    /usr/lib/jvm/java-6-sun-1.6.0.31/jre/lib/amd64/jli/libjli.so
7f4a527fc000-7f4a527fd000 rwxp 00000000 00:00 0 
7f4a527fd000-7f4a527fe000 r-xs 00000000 08:06 4725345                    /var/cache/fontconfig/0c9eb80ebd1c36541ebe2852d3bb0c49-le64.cache-3
7f4a527fe000-7f4a527ff000 r-xs 00000000 08:06 4742614                    /var/cache/fontconfig/16326683038b281783a0ef8c680e3a10-le64.cache-3
7f4a527ff000-7f4a52800000 r-xs 00000000 08:06 4738372                    /var/cache/fontconfig/e0aa53bcfa504e64f87823c16bc01eb6-le64.cache-3
7f4a52800000-7f4a52808000 r-xs 00000000 08:06 2623348                    /home/bompo/.cache/fontconfig/8a71e5fbcf8d47a0e55c1c2e45846aa0-le64.cache-3
7f4a52808000-7f4a52809000 r-xs 0017c000 08:06 1705998                    /home/bompo/workspace_libgdx/ld26-desktop/libs/gdx-natives.jar
7f4a52809000-7f4a5280a000 r-xs 00162000 08:06 1706963                    /home/bompo/workspace_libgdx/ld26-desktop/libs/gdx-backend-lwjgl-natives.jar
7f4a5280a000-7f4a5281d000 r-xs 00113000 08:06 1705364                    /home/bompo/workspace_libgdx/ld26/libs/gdx.jar
7f4a5281d000-7f4a52825000 rwxs 00000000 08:06 6554606                    /tmp/hsperfdata_bompo/17153 (deleted)
7f4a52825000-7f4a52826000 rwxp 00000000 00:00 0 
7f4a52826000-7f4a52827000 ---p 00000000 00:00 0 
7f4a52827000-7f4a52829000 rwxp 00000000 00:00 0 
7f4a52829000-7f4a5282a000 r-xp 00022000 08:06 12583958                   /lib/x86_64-linux-gnu/ld-2.17.so
7f4a5282a000-7f4a5282c000 rwxp 00023000 08:06 12583958                   /lib/x86_64-linux-gnu/ld-2.17.so
7fff0be5a000-7fff0be7b000 rwxp 00000000 00:00 0                          [stack]
7fff0bffe000-7fff0c000000 r-xp 00000000 00:00 0                          [vdso]
ffffffffff600000-ffffffffff601000 r-xp 00000000 00:00 0                  [vsyscall]

VM Arguments:
jvm_args: -Dfile.encoding=UTF-8 
java_command: de.swagner.Main
Launcher Type: SUN_STANDARD

Environment Variables:
PATH=/usr/lib/lightdm/lightdm:/usr/local/sbin:/usr/local/bin:/usr/sbin:/usr/bin:/sbin:/bin:/usr/games:/usr/local/games
LD_LIBRARY_PATH=/usr/lib/jvm/java-6-sun-1.6.0.31/jre/lib/amd64/server:/usr/lib/jvm/java-6-sun-1.6.0.31/jre/lib/amd64:/usr/lib/jvm/java-6-sun-1.6.0.31/jre/../lib/amd64
SHELL=/bin/bash
DISPLAY=:0.0

Signal Handlers:
SIGSEGV: [libjvm.so+0x85f7d0], sa_mask[0]=0x7ffbfeff, sa_flags=0x10000004
SIGBUS: [libjvm.so+0x85f7d0], sa_mask[0]=0x7ffbfeff, sa_flags=0x10000004
SIGFPE: [libjvm.so+0x70e3e0], sa_mask[0]=0x7ffbfeff, sa_flags=0x10000004
SIGPIPE: [libjvm.so+0x70e3e0], sa_mask[0]=0x7ffbfeff, sa_flags=0x10000004
SIGXFSZ: [libjvm.so+0x70e3e0], sa_mask[0]=0x7ffbfeff, sa_flags=0x10000004
SIGILL: [libjvm.so+0x70e3e0], sa_mask[0]=0x7ffbfeff, sa_flags=0x10000004
SIGUSR1: SIG_DFL, sa_mask[0]=0x00000000, sa_flags=0x00000000
SIGUSR2: [libjvm.so+0x711210], sa_mask[0]=0x00000004, sa_flags=0x10000004
SIGHUP: [libjvm.so+0x710e10], sa_mask[0]=0x7ffbfeff, sa_flags=0x10000004
SIGINT: [libjvm.so+0x710e10], sa_mask[0]=0x7ffbfeff, sa_flags=0x10000004
SIGTERM: [libjvm.so+0x710e10], sa_mask[0]=0x7ffbfeff, sa_flags=0x10000004
SIGQUIT: [libjvm.so+0x710e10], sa_mask[0]=0x7ffbfeff, sa_flags=0x10000004


---------------  S Y S T E M  ---------------

OS:wheezy/sid

uname:Linux 3.8.0-19-generic #29-Ubuntu SMP Wed Apr 17 18:16:28 UTC 2013 x86_64
libc:glibc 2.17 NPTL 2.17 
rlimit: STACK 8192k, CORE 0k, NPROC 30634, NOFILE 4096, AS infinity
load average:0.32 0.44 0.47

/proc/meminfo:
MemTotal:        3940264 kB
MemFree:          214600 kB
Buffers:           57784 kB
Cached:           885000 kB
SwapCached:          796 kB
Active:          2387420 kB
Inactive:        1026640 kB
Active(anon):    2160884 kB
Inactive(anon):   833812 kB
Active(file):     226536 kB
Inactive(file):   192828 kB
Unevictable:         288 kB
Mlocked:             288 kB
SwapTotal:       4080636 kB
SwapFree:        4017128 kB
Dirty:               396 kB
Writeback:             0 kB
AnonPages:       2470932 kB
Mapped:           242600 kB
Shmem:            523412 kB
Slab:             189484 kB
SReclaimable:     146264 kB
SUnreclaim:        43220 kB
KernelStack:        5864 kB
PageTables:        52228 kB
NFS_Unstable:          0 kB
Bounce:                0 kB
WritebackTmp:          0 kB
CommitLimit:     6050768 kB
Committed_AS:    7199756 kB
VmallocTotal:   34359738367 kB
VmallocUsed:      352620 kB
VmallocChunk:   34359376464 kB
HardwareCorrupted:     0 kB
AnonHugePages:         0 kB
HugePages_Total:       0
HugePages_Free:        0
HugePages_Rsvd:        0
HugePages_Surp:        0
Hugepagesize:       2048 kB
DirectMap4k:       75772 kB
DirectMap2M:     4014080 kB


CPU:total 8 (4 cores per cpu, 2 threads per core) family 6 model 42 stepping 7, cmov, cx8, fxsr, mmx, sse, sse2, sse3, ssse3, sse4.1, sse4.2, popcnt, ht

/proc/cpuinfo:
processor	: 0
vendor_id	: GenuineIntel
cpu family	: 6
model		: 42
model name	: Intel(R) Core(TM) i7-2670QM CPU @ 2.20GHz
stepping	: 7
microcode	: 0x23
cpu MHz		: 800.000
cache size	: 6144 KB
physical id	: 0
siblings	: 8
core id		: 0
cpu cores	: 4
apicid		: 0
initial apicid	: 0
fpu		: yes
fpu_exception	: yes
cpuid level	: 13
wp		: yes
flags		: fpu vme de pse tsc msr pae mce cx8 apic sep mtrr pge mca cmov pat pse36 clflush dts acpi mmx fxsr sse sse2 ss ht tm pbe syscall nx rdtscp lm constant_tsc arch_perfmon pebs bts nopl xtopology nonstop_tsc aperfmperf eagerfpu pni pclmulqdq dtes64 monitor ds_cpl vmx est tm2 ssse3 cx16 xtpr pdcm pcid sse4_1 sse4_2 x2apic popcnt tsc_deadline_timer aes xsave avx lahf_lm ida arat epb xsaveopt pln pts dtherm tpr_shadow vnmi flexpriority ept vpid
bogomips	: 4390.45
clflush size	: 64
cache_alignment	: 64
address sizes	: 36 bits physical, 48 bits virtual
power management:

processor	: 1
vendor_id	: GenuineIntel
cpu family	: 6
model		: 42
model name	: Intel(R) Core(TM) i7-2670QM CPU @ 2.20GHz
stepping	: 7
microcode	: 0x23
cpu MHz		: 800.000
cache size	: 6144 KB
physical id	: 0
siblings	: 8
core id		: 0
cpu cores	: 4
apicid		: 1
initial apicid	: 1
fpu		: yes
fpu_exception	: yes
cpuid level	: 13
wp		: yes
flags		: fpu vme de pse tsc msr pae mce cx8 apic sep mtrr pge mca cmov pat pse36 clflush dts acpi mmx fxsr sse sse2 ss ht tm pbe syscall nx rdtscp lm constant_tsc arch_perfmon pebs bts nopl xtopology nonstop_tsc aperfmperf eagerfpu pni pclmulqdq dtes64 monitor ds_cpl vmx est tm2 ssse3 cx16 xtpr pdcm pcid sse4_1 sse4_2 x2apic popcnt tsc_deadline_timer aes xsave avx lahf_lm ida arat epb xsaveopt pln pts dtherm tpr_shadow vnmi flexpriority ept vpid
bogomips	: 4390.45
clflush size	: 64
cache_alignment	: 64
address sizes	: 36 bits physical, 48 bits virtual
power management:

processor	: 2
vendor_id	: GenuineIntel
cpu family	: 6
model		: 42
model name	: Intel(R) Core(TM) i7-2670QM CPU @ 2.20GHz
stepping	: 7
microcode	: 0x23
cpu MHz		: 800.000
cache size	: 6144 KB
physical id	: 0
siblings	: 8
core id		: 1
cpu cores	: 4
apicid		: 2
initial apicid	: 2
fpu		: yes
fpu_exception	: yes
cpuid level	: 13
wp		: yes
flags		: fpu vme de pse tsc msr pae mce cx8 apic sep mtrr pge mca cmov pat pse36 clflush dts acpi mmx fxsr sse sse2 ss ht tm pbe syscall nx rdtscp lm constant_tsc arch_perfmon pebs bts nopl xtopology nonstop_tsc aperfmperf eagerfpu pni pclmulqdq dtes64 monitor ds_cpl vmx est tm2 ssse3 cx16 xtpr pdcm pcid sse4_1 sse4_2 x2apic popcnt tsc_deadline_timer aes xsave avx lahf_lm ida arat epb xsaveopt pln pts dtherm tpr_shadow vnmi flexpriority ept vpid
bogomips	: 4390.45
clflush size	: 64
cache_alignment	: 64
address sizes	: 36 bits physical, 48 bits virtual
power management:

processor	: 3
vendor_id	: GenuineIntel
cpu family	: 6
model		: 42
model name	: Intel(R) Core(TM) i7-2670QM CPU @ 2.20GHz
stepping	: 7
microcode	: 0x23
cpu MHz		: 800.000
cache size	: 6144 KB
physical id	: 0
siblings	: 8
core id		: 1
cpu cores	: 4
apicid		: 3
initial apicid	: 3
fpu		: yes
fpu_exception	: yes
cpuid level	: 13
wp		: yes
flags		: fpu vme de pse tsc msr pae mce cx8 apic sep mtrr pge mca cmov pat pse36 clflush dts acpi mmx fxsr sse sse2 ss ht tm pbe syscall nx rdtscp lm constant_tsc arch_perfmon pebs bts nopl xtopology nonstop_tsc aperfmperf eagerfpu pni pclmulqdq dtes64 monitor ds_cpl vmx est tm2 ssse3 cx16 xtpr pdcm pcid sse4_1 sse4_2 x2apic popcnt tsc_deadline_timer aes xsave avx lahf_lm ida arat epb xsaveopt pln pts dtherm tpr_shadow vnmi flexpriority ept vpid
bogomips	: 4390.45
clflush size	: 64
cache_alignment	: 64
address sizes	: 36 bits physical, 48 bits virtual
power management:

processor	: 4
vendor_id	: GenuineIntel
cpu family	: 6
model		: 42
model name	: Intel(R) Core(TM) i7-2670QM CPU @ 2.20GHz
stepping	: 7
microcode	: 0x23
cpu MHz		: 800.000
cache size	: 6144 KB
physical id	: 0
siblings	: 8
core id		: 2
cpu cores	: 4
apicid		: 4
initial apicid	: 4
fpu		: yes
fpu_exception	: yes
cpuid level	: 13
wp		: yes
flags		: fpu vme de pse tsc msr pae mce cx8 apic sep mtrr pge mca cmov pat pse36 clflush dts acpi mmx fxsr sse sse2 ss ht tm pbe syscall nx rdtscp lm constant_tsc arch_perfmon pebs bts nopl xtopology nonstop_tsc aperfmperf eagerfpu pni pclmulqdq dtes64 monitor ds_cpl vmx est tm2 ssse3 cx16 xtpr pdcm pcid sse4_1 sse4_2 x2apic popcnt tsc_deadline_timer aes xsave avx lahf_lm ida arat epb xsaveopt pln pts dtherm tpr_shadow vnmi flexpriority ept vpid
bogomips	: 4390.45
clflush size	: 64
cache_alignment	: 64
address sizes	: 36 bits physical, 48 bits virtual
power management:

processor	: 5
vendor_id	: GenuineIntel
cpu family	: 6
model		: 42
model name	: Intel(R) Core(TM) i7-2670QM CPU @ 2.20GHz
stepping	: 7
microcode	: 0x23
cpu MHz		: 800.000
cache size	: 6144 KB
physical id	: 0
siblings	: 8
core id		: 2
cpu cores	: 4
apicid		: 5
initial apicid	: 5
fpu		: yes
fpu_exception	: yes
cpuid level	: 13
wp		: yes
flags		: fpu vme de pse tsc msr pae mce cx8 apic sep mtrr pge mca cmov pat pse36 clflush dts acpi mmx fxsr sse sse2 ss ht tm pbe syscall nx rdtscp lm constant_tsc arch_perfmon pebs bts nopl xtopology nonstop_tsc aperfmperf eagerfpu pni pclmulqdq dtes64 monitor ds_cpl vmx est tm2 ssse3 cx16 xtpr pdcm pcid sse4_1 sse4_2 x2apic popcnt tsc_deadline_timer aes xsave avx lahf_lm ida arat epb xsaveopt pln pts dtherm tpr_shadow vnmi flexpriority ept vpid
bogomips	: 4390.45
clflush size	: 64
cache_alignment	: 64
address sizes	: 36 bits physical, 48 bits virtual
power management:

processor	: 6
vendor_id	: GenuineIntel
cpu family	: 6
model		: 42
model name	: Intel(R) Core(TM) i7-2670QM CPU @ 2.20GHz
stepping	: 7
microcode	: 0x23
cpu MHz		: 2201.000
cache size	: 6144 KB
physical id	: 0
siblings	: 8
core id		: 3
cpu cores	: 4
apicid		: 6
initial apicid	: 6
fpu		: yes
fpu_exception	: yes
cpuid level	: 13
wp		: yes
flags		: fpu vme de pse tsc msr pae mce cx8 apic sep mtrr pge mca cmov pat pse36 clflush dts acpi mmx fxsr sse sse2 ss ht tm pbe syscall nx rdtscp lm constant_tsc arch_perfmon pebs bts nopl xtopology nonstop_tsc aperfmperf eagerfpu pni pclmulqdq dtes64 monitor ds_cpl vmx est tm2 ssse3 cx16 xtpr pdcm pcid sse4_1 sse4_2 x2apic popcnt tsc_deadline_timer aes xsave avx lahf_lm ida arat epb xsaveopt pln pts dtherm tpr_shadow vnmi flexpriority ept vpid
bogomips	: 4390.45
clflush size	: 64
cache_alignment	: 64
address sizes	: 36 bits physical, 48 bits virtual
power management:

processor	: 7
vendor_id	: GenuineIntel
cpu family	: 6
model		: 42
model name	: Intel(R) Core(TM) i7-2670QM CPU @ 2.20GHz
stepping	: 7
microcode	: 0x23
cpu MHz		: 800.000
cache size	: 6144 KB
physical id	: 0
siblings	: 8
core id		: 3
cpu cores	: 4
apicid		: 7
initial apicid	: 7
fpu		: yes
fpu_exception	: yes
cpuid level	: 13
wp		: yes
flags		: fpu vme de pse tsc msr pae mce cx8 apic sep mtrr pge mca cmov pat pse36 clflush dts acpi mmx fxsr sse sse2 ss ht tm pbe syscall nx rdtscp lm constant_tsc arch_perfmon pebs bts nopl xtopology nonstop_tsc aperfmperf eagerfpu pni pclmulqdq dtes64 monitor ds_cpl vmx est tm2 ssse3 cx16 xtpr pdcm pcid sse4_1 sse4_2 x2apic popcnt tsc_deadline_timer aes xsave avx lahf_lm ida arat epb xsaveopt pln pts dtherm tpr_shadow vnmi flexpriority ept vpid
bogomips	: 4390.45
clflush size	: 64
cache_alignment	: 64
address sizes	: 36 bits physical, 48 bits virtual
power management:



Memory: 4k page, physical 3940264k(214600k free), swap 4080636k(4017128k free)

vm_info: Java HotSpot(TM) 64-Bit Server VM (20.6-b01) for linux-amd64 JRE (1.6.0_31-b04), built on Jan 20 2012 10:18:50 by "java_re" with gcc 3.2.2 (SuSE Linux)

time: Sat Apr 27 16:33:08 2013
elapsed time: 1 seconds

